<?xml version="1.0" encoding="UTF-8"?>
<testsuite name="co.com.ceiba.estacionamiento.dao.VigilanteRepositoryImplTest" tests="14" skipped="0" failures="0" errors="0" timestamp="2018-09-13T16:57:58" hostname="DANIEL-GIRALDO" time="1.224">
  <properties/>
  <testcase name="salidaVehiculosParqueaderoTest" classname="co.com.ceiba.estacionamiento.dao.VigilanteRepositoryImplTest" time="0.803"/>
  <testcase name="listarCarrosParqueadosTest" classname="co.com.ceiba.estacionamiento.dao.VigilanteRepositoryImplTest" time="0.179"/>
  <testcase name="buscarVehiculoParqueadoTest" classname="co.com.ceiba.estacionamiento.dao.VigilanteRepositoryImplTest" time="0.099"/>
  <testcase name="contarCarrosParqueadosTest" classname="co.com.ceiba.estacionamiento.dao.VigilanteRepositoryImplTest" time="0.022"/>
  <testcase name="buscarParqueaderoVehiculoTest" classname="co.com.ceiba.estacionamiento.dao.VigilanteRepositoryImplTest" time="0.022"/>
  <testcase name="buscarParqueaderoVehiculoNoParqueadoTest" classname="co.com.ceiba.estacionamiento.dao.VigilanteRepositoryImplTest" time="0.026"/>
  <testcase name="guardarVehiculoTest" classname="co.com.ceiba.estacionamiento.dao.VigilanteRepositoryImplTest" time="0.007"/>
  <testcase name="contarMotosParqueadosTest" classname="co.com.ceiba.estacionamiento.dao.VigilanteRepositoryImplTest" time="0.024"/>
  <testcase name="buscarVehiculoNoEncontradoTest" classname="co.com.ceiba.estacionamiento.dao.VigilanteRepositoryImplTest" time="0.003"/>
  <testcase name="guardarVehiculoSinPlacaTest" classname="co.com.ceiba.estacionamiento.dao.VigilanteRepositoryImplTest" time="0.006"/>
  <testcase name="listarMotosParqueadasTest" classname="co.com.ceiba.estacionamiento.dao.VigilanteRepositoryImplTest" time="0.014"/>
  <testcase name="ingresoVehiculosParqueaderoTest" classname="co.com.ceiba.estacionamiento.dao.VigilanteRepositoryImplTest" time="0.007"/>
  <testcase name="guardarVehiculoExistenteTest" classname="co.com.ceiba.estacionamiento.dao.VigilanteRepositoryImplTest" time="0.005"/>
  <testcase name="buscarVehiculoTest" classname="co.com.ceiba.estacionamiento.dao.VigilanteRepositoryImplTest" time="0.002"/>
  <system-out><![CDATA[11:57:54.796 [Test worker] DEBUG org.jboss.logging - Logging Provider: org.jboss.logging.Log4j2LoggerProvider
11:57:54.982 [Test worker] DEBUG org.hibernate.jpa.HibernatePersistenceProvider - Located and parsed 1 persistence units; checking each
11:57:54.982 [Test worker] DEBUG org.hibernate.jpa.HibernatePersistenceProvider - Checking persistence-unit [name=TestPersistence, explicit-provider=org.hibernate.jpa.HibernatePersistenceProvider] against incoming persistence unit name [TestPersistence]
11:57:54.983 [Test worker] DEBUG org.hibernate.jpa.boot.spi.ProviderChecker - Persistence-unit [TestPersistence] requested PersistenceProvider [org.hibernate.jpa.HibernatePersistenceProvider]
11:57:54.993 [Test worker] DEBUG org.hibernate.jpa.internal.util.LogHelper - PersistenceUnitInfo [
	name: TestPersistence
	persistence provider classname: org.hibernate.jpa.HibernatePersistenceProvider
	classloader: null
	excludeUnlistedClasses: false
	JTA datasource: null
	Non JTA datasource: null
	Transaction type: RESOURCE_LOCAL
	PU root URL: file:/C:/Users/daniel.giraldo/Documents/GitHub/Ceiba-Estacionamiento(daniel.giraldo)/build/resources/main/
	Shared Cache Mode: null
	Validation Mode: null
	Jar files URLs []
	Managed classes names [
		co.com.ceiba.estacionamiento.model.Vehiculo
		co.com.ceiba.estacionamiento.model.Parqueadero]
	Mapping files names []
	Properties [
		javax.persistence.jdbc.driver: com.mysql.jdbc.Driver
		javax.persistence.jdbc.password: 1234
		javax.persistence.jdbc.url: jdbc:mysql://localhost:3306/parqueadero
		hibernate.dialect: org.hibernate.dialect.MySQL5Dialect
		hibernate.show_sql: true
		javax.persistence.jdbc.user: root]
11:57:55.003 [Test worker] DEBUG org.hibernate.integrator.internal.IntegratorServiceImpl - Adding Integrator [org.hibernate.cfg.beanvalidation.BeanValidationIntegrator].
11:57:55.005 [Test worker] DEBUG org.hibernate.integrator.internal.IntegratorServiceImpl - Adding Integrator [org.hibernate.secure.spi.JaccIntegrator].
11:57:55.009 [Test worker] DEBUG org.hibernate.integrator.internal.IntegratorServiceImpl - Adding Integrator [org.hibernate.cache.internal.CollectionCacheInvalidator].
11:57:55.010 [Test worker] DEBUG org.hibernate.integrator.internal.IntegratorServiceImpl - Adding Integrator [org.hibernate.jpa.event.spi.JpaIntegrator].
11:57:55.085 [Test worker] INFO org.hibernate.Version - HHH000412: Hibernate Core {5.2.9.Final}
11:57:55.087 [Test worker] INFO org.hibernate.cfg.Environment - HHH000206: hibernate.properties not found
11:57:55.101 [Test worker] DEBUG org.hibernate.service.spi.ServiceBinding - Overriding existing service binding [org.hibernate.secure.spi.JaccService]
11:57:55.132 [Test worker] DEBUG org.hibernate.cache.internal.RegionFactoryInitiator - Cache region factory : org.hibernate.cache.internal.NoCachingRegionFactory
11:57:55.148 [Test worker] INFO org.hibernate.annotations.common.Version - HCANN000001: Hibernate Commons Annotations {5.0.1.Final}
11:57:55.203 [Test worker] DEBUG org.hibernate.type.BasicTypeRegistry - Adding type registration boolean -> org.hibernate.type.BooleanType@6e9037
11:57:55.203 [Test worker] DEBUG org.hibernate.type.BasicTypeRegistry - Adding type registration boolean -> org.hibernate.type.BooleanType@6e9037
11:57:55.203 [Test worker] DEBUG org.hibernate.type.BasicTypeRegistry - Adding type registration java.lang.Boolean -> org.hibernate.type.BooleanType@6e9037
11:57:55.204 [Test worker] DEBUG org.hibernate.type.BasicTypeRegistry - Adding type registration numeric_boolean -> org.hibernate.type.NumericBooleanType@6d49ef92
11:57:55.205 [Test worker] DEBUG org.hibernate.type.BasicTypeRegistry - Adding type registration true_false -> org.hibernate.type.TrueFalseType@637a1ce5
11:57:55.206 [Test worker] DEBUG org.hibernate.type.BasicTypeRegistry - Adding type registration yes_no -> org.hibernate.type.YesNoType@1036d539
11:57:55.208 [Test worker] DEBUG org.hibernate.type.BasicTypeRegistry - Adding type registration byte -> org.hibernate.type.ByteType@3c72e94a
11:57:55.208 [Test worker] DEBUG org.hibernate.type.BasicTypeRegistry - Adding type registration byte -> org.hibernate.type.ByteType@3c72e94a
11:57:55.208 [Test worker] DEBUG org.hibernate.type.BasicTypeRegistry - Adding type registration java.lang.Byte -> org.hibernate.type.ByteType@3c72e94a
11:57:55.210 [Test worker] DEBUG org.hibernate.type.BasicTypeRegistry - Adding type registration character -> org.hibernate.type.CharacterType@4ab3c39
11:57:55.210 [Test worker] DEBUG org.hibernate.type.BasicTypeRegistry - Adding type registration char -> org.hibernate.type.CharacterType@4ab3c39
11:57:55.210 [Test worker] DEBUG org.hibernate.type.BasicTypeRegistry - Adding type registration java.lang.Character -> org.hibernate.type.CharacterType@4ab3c39
11:57:55.212 [Test worker] DEBUG org.hibernate.type.BasicTypeRegistry - Adding type registration short -> org.hibernate.type.ShortType@1dc2c558
11:57:55.212 [Test worker] DEBUG org.hibernate.type.BasicTypeRegistry - Adding type registration short -> org.hibernate.type.ShortType@1dc2c558
11:57:55.213 [Test worker] DEBUG org.hibernate.type.BasicTypeRegistry - Adding type registration java.lang.Short -> org.hibernate.type.ShortType@1dc2c558
11:57:55.214 [Test worker] DEBUG org.hibernate.type.BasicTypeRegistry - Adding type registration integer -> org.hibernate.type.IntegerType@43c178d9
11:57:55.214 [Test worker] DEBUG org.hibernate.type.BasicTypeRegistry - Adding type registration int -> org.hibernate.type.IntegerType@43c178d9
11:57:55.214 [Test worker] DEBUG org.hibernate.type.BasicTypeRegistry - Adding type registration java.lang.Integer -> org.hibernate.type.IntegerType@43c178d9
11:57:55.216 [Test worker] DEBUG org.hibernate.type.BasicTypeRegistry - Adding type registration long -> org.hibernate.type.LongType@42c173c1
11:57:55.216 [Test worker] DEBUG org.hibernate.type.BasicTypeRegistry - Adding type registration long -> org.hibernate.type.LongType@42c173c1
11:57:55.216 [Test worker] DEBUG org.hibernate.type.BasicTypeRegistry - Adding type registration java.lang.Long -> org.hibernate.type.LongType@42c173c1
11:57:55.218 [Test worker] DEBUG org.hibernate.type.BasicTypeRegistry - Adding type registration float -> org.hibernate.type.FloatType@38980650
11:57:55.218 [Test worker] DEBUG org.hibernate.type.BasicTypeRegistry - Adding type registration float -> org.hibernate.type.FloatType@38980650
11:57:55.219 [Test worker] DEBUG org.hibernate.type.BasicTypeRegistry - Adding type registration java.lang.Float -> org.hibernate.type.FloatType@38980650
11:57:55.221 [Test worker] DEBUG org.hibernate.type.BasicTypeRegistry - Adding type registration double -> org.hibernate.type.DoubleType@2be9e055
11:57:55.222 [Test worker] DEBUG org.hibernate.type.BasicTypeRegistry - Adding type registration double -> org.hibernate.type.DoubleType@2be9e055
11:57:55.222 [Test worker] DEBUG org.hibernate.type.BasicTypeRegistry - Adding type registration java.lang.Double -> org.hibernate.type.DoubleType@2be9e055
11:57:55.224 [Test worker] DEBUG org.hibernate.type.BasicTypeRegistry - Adding type registration big_decimal -> org.hibernate.type.BigDecimalType@11e9faff
11:57:55.224 [Test worker] DEBUG org.hibernate.type.BasicTypeRegistry - Adding type registration java.math.BigDecimal -> org.hibernate.type.BigDecimalType@11e9faff
11:57:55.225 [Test worker] DEBUG org.hibernate.type.BasicTypeRegistry - Adding type registration big_integer -> org.hibernate.type.BigIntegerType@7d0902f3
11:57:55.225 [Test worker] DEBUG org.hibernate.type.BasicTypeRegistry - Adding type registration java.math.BigInteger -> org.hibernate.type.BigIntegerType@7d0902f3
11:57:55.226 [Test worker] DEBUG org.hibernate.type.BasicTypeRegistry - Adding type registration string -> org.hibernate.type.StringType@7b3f47e3
11:57:55.226 [Test worker] DEBUG org.hibernate.type.BasicTypeRegistry - Adding type registration java.lang.String -> org.hibernate.type.StringType@7b3f47e3
11:57:55.227 [Test worker] DEBUG org.hibernate.type.BasicTypeRegistry - Adding type registration nstring -> org.hibernate.type.StringNVarcharType@27463968
11:57:55.228 [Test worker] DEBUG org.hibernate.type.BasicTypeRegistry - Adding type registration ncharacter -> org.hibernate.type.CharacterNCharType@248b0274
11:57:55.229 [Test worker] DEBUG org.hibernate.type.BasicTypeRegistry - Adding type registration url -> org.hibernate.type.UrlType@4c362705
11:57:55.229 [Test worker] DEBUG org.hibernate.type.BasicTypeRegistry - Adding type registration java.net.URL -> org.hibernate.type.UrlType@4c362705
11:57:55.231 [Test worker] DEBUG org.hibernate.type.BasicTypeRegistry - Adding type registration Duration -> org.hibernate.type.DurationType@1a37f449
11:57:55.231 [Test worker] DEBUG org.hibernate.type.BasicTypeRegistry - Adding type registration java.time.Duration -> org.hibernate.type.DurationType@1a37f449
11:57:55.249 [Test worker] DEBUG org.hibernate.type.BasicTypeRegistry - Adding type registration Instant -> org.hibernate.type.InstantType@90ba7de
11:57:55.249 [Test worker] DEBUG org.hibernate.type.BasicTypeRegistry - Adding type registration java.time.Instant -> org.hibernate.type.InstantType@90ba7de
11:57:55.252 [Test worker] DEBUG org.hibernate.type.BasicTypeRegistry - Adding type registration LocalDateTime -> org.hibernate.type.LocalDateTimeType@539d4aa3
11:57:55.252 [Test worker] DEBUG org.hibernate.type.BasicTypeRegistry - Adding type registration java.time.LocalDateTime -> org.hibernate.type.LocalDateTimeType@539d4aa3
11:57:55.256 [Test worker] DEBUG org.hibernate.type.BasicTypeRegistry - Adding type registration LocalDate -> org.hibernate.type.LocalDateType@58ddec61
11:57:55.256 [Test worker] DEBUG org.hibernate.type.BasicTypeRegistry - Adding type registration java.time.LocalDate -> org.hibernate.type.LocalDateType@58ddec61
11:57:55.258 [Test worker] DEBUG org.hibernate.type.BasicTypeRegistry - Adding type registration LocalTime -> org.hibernate.type.LocalTimeType@5470b2d5
11:57:55.258 [Test worker] DEBUG org.hibernate.type.BasicTypeRegistry - Adding type registration java.time.LocalTime -> org.hibernate.type.LocalTimeType@5470b2d5
11:57:55.260 [Test worker] DEBUG org.hibernate.type.BasicTypeRegistry - Adding type registration OffsetDateTime -> org.hibernate.type.OffsetDateTimeType@7d14eb19
11:57:55.260 [Test worker] DEBUG org.hibernate.type.BasicTypeRegistry - Adding type registration java.time.OffsetDateTime -> org.hibernate.type.OffsetDateTimeType@7d14eb19
11:57:55.261 [Test worker] DEBUG org.hibernate.type.BasicTypeRegistry - Adding type registration OffsetTime -> org.hibernate.type.OffsetTimeType@30ff3a16
11:57:55.261 [Test worker] DEBUG org.hibernate.type.BasicTypeRegistry - Adding type registration java.time.OffsetTime -> org.hibernate.type.OffsetTimeType@30ff3a16
11:57:55.265 [Test worker] DEBUG org.hibernate.type.BasicTypeRegistry - Adding type registration ZonedDateTime -> org.hibernate.type.ZonedDateTimeType@48613e49
11:57:55.265 [Test worker] DEBUG org.hibernate.type.BasicTypeRegistry - Adding type registration java.time.ZonedDateTime -> org.hibernate.type.ZonedDateTimeType@48613e49
11:57:55.267 [Test worker] DEBUG org.hibernate.type.BasicTypeRegistry - Adding type registration date -> org.hibernate.type.DateType@5bd2dfe0
11:57:55.267 [Test worker] DEBUG org.hibernate.type.BasicTypeRegistry - Adding type registration java.sql.Date -> org.hibernate.type.DateType@5bd2dfe0
11:57:55.268 [Test worker] DEBUG org.hibernate.type.BasicTypeRegistry - Adding type registration time -> org.hibernate.type.TimeType@680d0285
11:57:55.269 [Test worker] DEBUG org.hibernate.type.BasicTypeRegistry - Adding type registration java.sql.Time -> org.hibernate.type.TimeType@680d0285
11:57:55.271 [Test worker] DEBUG org.hibernate.type.BasicTypeRegistry - Adding type registration timestamp -> org.hibernate.type.TimestampType@5f308623
11:57:55.271 [Test worker] DEBUG org.hibernate.type.BasicTypeRegistry - Adding type registration java.sql.Timestamp -> org.hibernate.type.TimestampType@5f308623
11:57:55.272 [Test worker] DEBUG org.hibernate.type.BasicTypeRegistry - Adding type registration java.util.Date -> org.hibernate.type.TimestampType@5f308623
11:57:55.274 [Test worker] DEBUG org.hibernate.type.BasicTypeRegistry - Adding type registration dbtimestamp -> org.hibernate.type.DbTimestampType@62c5af74
11:57:55.276 [Test worker] DEBUG org.hibernate.type.BasicTypeRegistry - Adding type registration calendar -> org.hibernate.type.CalendarType@191fa2cc
11:57:55.276 [Test worker] DEBUG org.hibernate.type.BasicTypeRegistry - Adding type registration java.util.Calendar -> org.hibernate.type.CalendarType@191fa2cc
11:57:55.276 [Test worker] DEBUG org.hibernate.type.BasicTypeRegistry - Adding type registration java.util.GregorianCalendar -> org.hibernate.type.CalendarType@191fa2cc
11:57:55.277 [Test worker] DEBUG org.hibernate.type.BasicTypeRegistry - Adding type registration calendar_date -> org.hibernate.type.CalendarDateType@15b56b3
11:57:55.278 [Test worker] DEBUG org.hibernate.type.BasicTypeRegistry - Adding type registration locale -> org.hibernate.type.LocaleType@41fd7c1f
11:57:55.279 [Test worker] DEBUG org.hibernate.type.BasicTypeRegistry - Adding type registration java.util.Locale -> org.hibernate.type.LocaleType@41fd7c1f
11:57:55.280 [Test worker] DEBUG org.hibernate.type.BasicTypeRegistry - Adding type registration currency -> org.hibernate.type.CurrencyType@1ccd4279
11:57:55.280 [Test worker] DEBUG org.hibernate.type.BasicTypeRegistry - Adding type registration java.util.Currency -> org.hibernate.type.CurrencyType@1ccd4279
11:57:55.281 [Test worker] DEBUG org.hibernate.type.BasicTypeRegistry - Adding type registration timezone -> org.hibernate.type.TimeZoneType@42a679c8
11:57:55.282 [Test worker] DEBUG org.hibernate.type.BasicTypeRegistry - Adding type registration java.util.TimeZone -> org.hibernate.type.TimeZoneType@42a679c8
11:57:55.283 [Test worker] DEBUG org.hibernate.type.BasicTypeRegistry - Adding type registration class -> org.hibernate.type.ClassType@2f8fb5ac
11:57:55.283 [Test worker] DEBUG org.hibernate.type.BasicTypeRegistry - Adding type registration java.lang.Class -> org.hibernate.type.ClassType@2f8fb5ac
11:57:55.285 [Test worker] DEBUG org.hibernate.type.BasicTypeRegistry - Adding type registration uuid-binary -> org.hibernate.type.UUIDBinaryType@6635225b
11:57:55.285 [Test worker] DEBUG org.hibernate.type.BasicTypeRegistry - Adding type registration java.util.UUID -> org.hibernate.type.UUIDBinaryType@6635225b
11:57:55.286 [Test worker] DEBUG org.hibernate.type.BasicTypeRegistry - Adding type registration uuid-char -> org.hibernate.type.UUIDCharType@1c1ad8b2
11:57:55.287 [Test worker] DEBUG org.hibernate.type.BasicTypeRegistry - Adding type registration binary -> org.hibernate.type.BinaryType@56ef2b90
11:57:55.288 [Test worker] DEBUG org.hibernate.type.BasicTypeRegistry - Adding type registration byte[] -> org.hibernate.type.BinaryType@56ef2b90
11:57:55.288 [Test worker] DEBUG org.hibernate.type.BasicTypeRegistry - Adding type registration [B -> org.hibernate.type.BinaryType@56ef2b90
11:57:55.290 [Test worker] DEBUG org.hibernate.type.BasicTypeRegistry - Adding type registration wrapper-binary -> org.hibernate.type.WrapperBinaryType@7809e2bd
11:57:55.290 [Test worker] DEBUG org.hibernate.type.BasicTypeRegistry - Adding type registration Byte[] -> org.hibernate.type.WrapperBinaryType@7809e2bd
11:57:55.290 [Test worker] DEBUG org.hibernate.type.BasicTypeRegistry - Adding type registration [Ljava.lang.Byte; -> org.hibernate.type.WrapperBinaryType@7809e2bd
11:57:55.292 [Test worker] DEBUG org.hibernate.type.BasicTypeRegistry - Adding type registration row_version -> org.hibernate.type.RowVersionType@632c9155
11:57:55.293 [Test worker] DEBUG org.hibernate.type.BasicTypeRegistry - Adding type registration image -> org.hibernate.type.ImageType@636d9241
11:57:55.294 [Test worker] DEBUG org.hibernate.type.BasicTypeRegistry - Adding type registration characters -> org.hibernate.type.CharArrayType@465e851d
11:57:55.295 [Test worker] DEBUG org.hibernate.type.BasicTypeRegistry - Adding type registration char[] -> org.hibernate.type.CharArrayType@465e851d
11:57:55.295 [Test worker] DEBUG org.hibernate.type.BasicTypeRegistry - Adding type registration [C -> org.hibernate.type.CharArrayType@465e851d
11:57:55.297 [Test worker] DEBUG org.hibernate.type.BasicTypeRegistry - Adding type registration wrapper-characters -> org.hibernate.type.CharacterArrayType@1948ccf3
11:57:55.297 [Test worker] DEBUG org.hibernate.type.BasicTypeRegistry - Adding type registration [Ljava.lang.Character; -> org.hibernate.type.CharacterArrayType@1948ccf3
11:57:55.297 [Test worker] DEBUG org.hibernate.type.BasicTypeRegistry - Adding type registration Character[] -> org.hibernate.type.CharacterArrayType@1948ccf3
11:57:55.301 [Test worker] DEBUG org.hibernate.type.BasicTypeRegistry - Adding type registration text -> org.hibernate.type.TextType@36d3415c
11:57:55.303 [Test worker] DEBUG org.hibernate.type.BasicTypeRegistry - Adding type registration ntext -> org.hibernate.type.NTextType@b9a2388
11:57:55.313 [Test worker] DEBUG org.hibernate.type.BasicTypeRegistry - Adding type registration blob -> org.hibernate.type.BlobType@c223bb
11:57:55.314 [Test worker] DEBUG org.hibernate.type.BasicTypeRegistry - Adding type registration java.sql.Blob -> org.hibernate.type.BlobType@c223bb
11:57:55.315 [Test worker] DEBUG org.hibernate.type.BasicTypeRegistry - Adding type registration materialized_blob -> org.hibernate.type.MaterializedBlobType@3d6ce1b5
11:57:55.323 [Test worker] DEBUG org.hibernate.type.BasicTypeRegistry - Adding type registration clob -> org.hibernate.type.ClobType@4790ea06
11:57:55.324 [Test worker] DEBUG org.hibernate.type.BasicTypeRegistry - Adding type registration java.sql.Clob -> org.hibernate.type.ClobType@4790ea06
11:57:55.328 [Test worker] DEBUG org.hibernate.type.BasicTypeRegistry - Adding type registration nclob -> org.hibernate.type.NClobType@37b7fa22
11:57:55.328 [Test worker] DEBUG org.hibernate.type.BasicTypeRegistry - Adding type registration java.sql.NClob -> org.hibernate.type.NClobType@37b7fa22
11:57:55.329 [Test worker] DEBUG org.hibernate.type.BasicTypeRegistry - Adding type registration materialized_clob -> org.hibernate.type.MaterializedClobType@72e88683
11:57:55.330 [Test worker] DEBUG org.hibernate.type.BasicTypeRegistry - Adding type registration materialized_nclob -> org.hibernate.type.MaterializedNClobType@4cf28f94
11:57:55.332 [Test worker] DEBUG org.hibernate.type.BasicTypeRegistry - Adding type registration serializable -> org.hibernate.type.SerializableType@92eb06e
11:57:55.337 [Test worker] DEBUG org.hibernate.type.BasicTypeRegistry - Adding type registration object -> org.hibernate.type.ObjectType@714f09d2
11:57:55.338 [Test worker] DEBUG org.hibernate.type.BasicTypeRegistry - Adding type registration java.lang.Object -> org.hibernate.type.ObjectType@714f09d2
11:57:55.339 [Test worker] DEBUG org.hibernate.type.BasicTypeRegistry - Adding type registration imm_date -> org.hibernate.type.AdaptedImmutableType@208d6f48
11:57:55.339 [Test worker] DEBUG org.hibernate.type.BasicTypeRegistry - Adding type registration imm_time -> org.hibernate.type.AdaptedImmutableType@2905e312
11:57:55.340 [Test worker] DEBUG org.hibernate.type.BasicTypeRegistry - Adding type registration imm_timestamp -> org.hibernate.type.AdaptedImmutableType@76b6be90
11:57:55.341 [Test worker] DEBUG org.hibernate.type.BasicTypeRegistry - Adding type registration imm_dbtimestamp -> org.hibernate.type.AdaptedImmutableType@6c088396
11:57:55.342 [Test worker] DEBUG org.hibernate.type.BasicTypeRegistry - Adding type registration imm_calendar -> org.hibernate.type.AdaptedImmutableType@27345670
11:57:55.342 [Test worker] DEBUG org.hibernate.type.BasicTypeRegistry - Adding type registration imm_calendar_date -> org.hibernate.type.AdaptedImmutableType@212f2cf7
11:57:55.342 [Test worker] DEBUG org.hibernate.type.BasicTypeRegistry - Adding type registration imm_binary -> org.hibernate.type.AdaptedImmutableType@622e447c
11:57:55.342 [Test worker] DEBUG org.hibernate.type.BasicTypeRegistry - Adding type registration imm_serializable -> org.hibernate.type.AdaptedImmutableType@4a127f9c
11:57:55.363 [Test worker] WARN org.hibernate.orm.connections.pooling - HHH10001002: Using Hibernate built-in connection pool (not for production use!)
11:57:55.376 [Test worker] INFO org.hibernate.orm.connections.pooling - HHH10001005: using driver [com.mysql.jdbc.Driver] at URL [jdbc:mysql://localhost:3306/parqueadero]
11:57:55.378 [Test worker] INFO org.hibernate.orm.connections.pooling - HHH10001001: Connection properties: {user=root, password=1234}
11:57:55.378 [Test worker] INFO org.hibernate.orm.connections.pooling - HHH10001003: Autocommit mode: false
11:57:55.382 [Test worker] DEBUG org.hibernate.engine.jdbc.connections.internal.DriverManagerConnectionProviderImpl - Initializing Connection pool with 1 Connections
11:57:55.382 [Test worker] INFO org.hibernate.engine.jdbc.connections.internal.DriverManagerConnectionProviderImpl - HHH000115: Hibernate connection pool size: 20 (min=1)
11:57:56.214 [Test worker] DEBUG org.hibernate.engine.jdbc.env.internal.JdbcEnvironmentInitiator - Database ->
       name : MySQL
    version : 8.0.12
      major : 8
      minor : 0
11:57:56.215 [Test worker] DEBUG org.hibernate.engine.jdbc.env.internal.JdbcEnvironmentInitiator - Driver ->
       name : MySQL Connector Java
    version : mysql-connector-java-5.1.46 ( Revision: 9cc87a48e75c2d2e87c1a293b2862ce651cb256e )
      major : 5
      minor : 1
11:57:56.215 [Test worker] DEBUG org.hibernate.engine.jdbc.env.internal.JdbcEnvironmentInitiator - JDBC version : 4.0
11:57:56.229 [Test worker] INFO org.hibernate.dialect.Dialect - HHH000400: Using dialect: org.hibernate.dialect.MySQL5Dialect
11:57:56.266 [Test worker] DEBUG org.hibernate.engine.jdbc.env.spi.IdentifierHelperBuilder - JDBC driver metadata reported database stores quoted identifiers in more than one case
11:57:56.269 [Test worker] DEBUG org.hibernate.engine.jdbc.env.spi.IdentifierHelperBuilder - IdentifierCaseStrategy for both quoted and unquoted identifiers was set to the same strategy [LOWER]; that will likely lead to problems in schema update and validation if using quoted identifiers
11:57:56.318 [Test worker] DEBUG org.hibernate.id.factory.internal.DefaultIdentifierGeneratorFactory - Registering IdentifierGenerator strategy [uuid2] -> [org.hibernate.id.UUIDGenerator]
11:57:56.318 [Test worker] DEBUG org.hibernate.id.factory.internal.DefaultIdentifierGeneratorFactory - Registering IdentifierGenerator strategy [guid] -> [org.hibernate.id.GUIDGenerator]
11:57:56.319 [Test worker] DEBUG org.hibernate.id.factory.internal.DefaultIdentifierGeneratorFactory - Registering IdentifierGenerator strategy [uuid] -> [org.hibernate.id.UUIDHexGenerator]
11:57:56.320 [Test worker] DEBUG org.hibernate.id.factory.internal.DefaultIdentifierGeneratorFactory - Registering IdentifierGenerator strategy [uuid.hex] -> [org.hibernate.id.UUIDHexGenerator]
11:57:56.320 [Test worker] DEBUG org.hibernate.id.factory.internal.DefaultIdentifierGeneratorFactory - Registering IdentifierGenerator strategy [assigned] -> [org.hibernate.id.Assigned]
11:57:56.321 [Test worker] DEBUG org.hibernate.id.factory.internal.DefaultIdentifierGeneratorFactory - Registering IdentifierGenerator strategy [identity] -> [org.hibernate.id.IdentityGenerator]
11:57:56.322 [Test worker] DEBUG org.hibernate.id.factory.internal.DefaultIdentifierGeneratorFactory - Registering IdentifierGenerator strategy [select] -> [org.hibernate.id.SelectGenerator]
11:57:56.323 [Test worker] DEBUG org.hibernate.id.factory.internal.DefaultIdentifierGeneratorFactory - Registering IdentifierGenerator strategy [sequence] -> [org.hibernate.id.enhanced.SequenceStyleGenerator]
11:57:56.325 [Test worker] DEBUG org.hibernate.id.factory.internal.DefaultIdentifierGeneratorFactory - Registering IdentifierGenerator strategy [seqhilo] -> [org.hibernate.id.SequenceHiLoGenerator]
11:57:56.325 [Test worker] DEBUG org.hibernate.id.factory.internal.DefaultIdentifierGeneratorFactory - Registering IdentifierGenerator strategy [increment] -> [org.hibernate.id.IncrementGenerator]
11:57:56.326 [Test worker] DEBUG org.hibernate.id.factory.internal.DefaultIdentifierGeneratorFactory - Registering IdentifierGenerator strategy [foreign] -> [org.hibernate.id.ForeignGenerator]
11:57:56.327 [Test worker] DEBUG org.hibernate.id.factory.internal.DefaultIdentifierGeneratorFactory - Registering IdentifierGenerator strategy [sequence-identity] -> [org.hibernate.id.SequenceIdentityGenerator]
11:57:56.327 [Test worker] DEBUG org.hibernate.id.factory.internal.DefaultIdentifierGeneratorFactory - Registering IdentifierGenerator strategy [enhanced-sequence] -> [org.hibernate.id.enhanced.SequenceStyleGenerator]
11:57:56.328 [Test worker] DEBUG org.hibernate.id.factory.internal.DefaultIdentifierGeneratorFactory - Registering IdentifierGenerator strategy [enhanced-table] -> [org.hibernate.id.enhanced.TableGenerator]
11:57:56.375 [Test worker] DEBUG org.hibernate.boot.model.relational.Namespace - Created database namespace [logicalName=Name{catalog=null, schema=null}, physicalName=Name{catalog=null, schema=null}]
11:57:56.417 [Test worker] DEBUG org.hibernate.cfg.AnnotationBinder - Binding entity from annotated class: co.com.ceiba.estacionamiento.model.Vehiculo
11:57:56.447 [Test worker] DEBUG org.hibernate.cfg.Ejb3Column - Binding column: Ejb3DiscriminatorColumn{logicalColumnName'DTYPE', discriminatorTypeName='string'}
11:57:56.457 [Test worker] DEBUG org.hibernate.cfg.annotations.EntityBinder - Import with entity name Vehiculo
11:57:56.461 [Test worker] DEBUG org.hibernate.cfg.annotations.EntityBinder - Bind entity co.com.ceiba.estacionamiento.model.Vehiculo on table vehiculo
11:57:56.495 [Test worker] DEBUG org.hibernate.cfg.Ejb3Column - Binding column: Ejb3Column{table=org.hibernate.mapping.Table(vehiculo), mappingColumn=ID, insertable=true, updatable=true, unique=true}
11:57:56.506 [Test worker] DEBUG org.hibernate.cfg.annotations.PropertyBinder - MetadataSourceProcessor property id with lazy=false
11:57:56.509 [Test worker] DEBUG org.hibernate.cfg.AbstractPropertyHolder - Attempting to locate auto-apply AttributeConverter for property [co.com.ceiba.estacionamiento.model.Vehiculo:id]
11:57:56.513 [Test worker] DEBUG org.hibernate.cfg.annotations.SimpleValueBinder - building SimpleValue for id
11:57:56.517 [Test worker] DEBUG org.hibernate.cfg.annotations.PropertyBinder - Building property id
11:57:56.522 [Test worker] DEBUG org.hibernate.cfg.Ejb3Column - Binding column: Ejb3Column{table=org.hibernate.mapping.Table(vehiculo), mappingColumn=CILINDRAJE, insertable=true, updatable=true, unique=false}
11:57:56.522 [Test worker] DEBUG org.hibernate.cfg.annotations.PropertyBinder - MetadataSourceProcessor property cilindraje with lazy=false
11:57:56.523 [Test worker] DEBUG org.hibernate.cfg.AbstractPropertyHolder - Attempting to locate auto-apply AttributeConverter for property [co.com.ceiba.estacionamiento.model.Vehiculo:cilindraje]
11:57:56.523 [Test worker] DEBUG org.hibernate.cfg.annotations.SimpleValueBinder - building SimpleValue for cilindraje
11:57:56.523 [Test worker] DEBUG org.hibernate.cfg.annotations.PropertyBinder - Building property cilindraje
11:57:56.523 [Test worker] DEBUG org.hibernate.cfg.Ejb3Column - Binding column: Ejb3Column{table=org.hibernate.mapping.Table(vehiculo), mappingColumn=PLACA, insertable=true, updatable=true, unique=true}
11:57:56.523 [Test worker] DEBUG org.hibernate.cfg.annotations.PropertyBinder - MetadataSourceProcessor property placa with lazy=false
11:57:56.523 [Test worker] DEBUG org.hibernate.cfg.AbstractPropertyHolder - Attempting to locate auto-apply AttributeConverter for property [co.com.ceiba.estacionamiento.model.Vehiculo:placa]
11:57:56.524 [Test worker] DEBUG org.hibernate.cfg.annotations.SimpleValueBinder - building SimpleValue for placa
11:57:56.524 [Test worker] DEBUG org.hibernate.cfg.annotations.PropertyBinder - Building property placa
11:57:56.524 [Test worker] DEBUG org.hibernate.cfg.Ejb3Column - Binding column: Ejb3Column{table=org.hibernate.mapping.Table(vehiculo), mappingColumn=TIPO_VEHICULO, insertable=true, updatable=true, unique=false}
11:57:56.524 [Test worker] DEBUG org.hibernate.cfg.annotations.PropertyBinder - MetadataSourceProcessor property tipoVehiculo with lazy=false
11:57:56.524 [Test worker] DEBUG org.hibernate.cfg.AbstractPropertyHolder - Attempting to locate auto-apply AttributeConverter for property [co.com.ceiba.estacionamiento.model.Vehiculo:tipoVehiculo]
11:57:56.524 [Test worker] DEBUG org.hibernate.cfg.annotations.SimpleValueBinder - building SimpleValue for tipoVehiculo
11:57:56.524 [Test worker] DEBUG org.hibernate.cfg.annotations.PropertyBinder - Building property tipoVehiculo
11:57:56.526 [Test worker] DEBUG org.hibernate.cfg.AnnotationBinder - Binding entity from annotated class: co.com.ceiba.estacionamiento.model.Parqueadero
11:57:56.526 [Test worker] DEBUG org.hibernate.cfg.Ejb3Column - Binding column: Ejb3DiscriminatorColumn{logicalColumnName'DTYPE', discriminatorTypeName='string'}
11:57:56.526 [Test worker] DEBUG org.hibernate.cfg.annotations.EntityBinder - Import with entity name Parqueadero
11:57:56.526 [Test worker] DEBUG org.hibernate.cfg.annotations.EntityBinder - Bind entity co.com.ceiba.estacionamiento.model.Parqueadero on table parqueadero
11:57:56.527 [Test worker] DEBUG org.hibernate.cfg.Ejb3Column - Binding column: Ejb3Column{table=org.hibernate.mapping.Table(parqueadero), mappingColumn=ID, insertable=true, updatable=true, unique=true}
11:57:56.528 [Test worker] DEBUG org.hibernate.cfg.annotations.PropertyBinder - MetadataSourceProcessor property id with lazy=false
11:57:56.528 [Test worker] DEBUG org.hibernate.cfg.AbstractPropertyHolder - Attempting to locate auto-apply AttributeConverter for property [co.com.ceiba.estacionamiento.model.Parqueadero:id]
11:57:56.528 [Test worker] DEBUG org.hibernate.cfg.annotations.SimpleValueBinder - building SimpleValue for id
11:57:56.528 [Test worker] DEBUG org.hibernate.cfg.annotations.PropertyBinder - Building property id
11:57:56.528 [Test worker] DEBUG org.hibernate.cfg.Ejb3Column - Binding column: Ejb3Column{table=org.hibernate.mapping.Table(parqueadero), mappingColumn=ESTADO, insertable=true, updatable=true, unique=false}
11:57:56.528 [Test worker] DEBUG org.hibernate.cfg.annotations.PropertyBinder - MetadataSourceProcessor property estado with lazy=false
11:57:56.529 [Test worker] DEBUG org.hibernate.cfg.AbstractPropertyHolder - Attempting to locate auto-apply AttributeConverter for property [co.com.ceiba.estacionamiento.model.Parqueadero:estado]
11:57:56.530 [Test worker] DEBUG org.hibernate.cfg.annotations.SimpleValueBinder - building SimpleValue for estado
11:57:56.530 [Test worker] DEBUG org.hibernate.cfg.annotations.PropertyBinder - Building property estado
11:57:56.530 [Test worker] DEBUG org.hibernate.cfg.Ejb3Column - Binding column: Ejb3Column{table=org.hibernate.mapping.Table(parqueadero), mappingColumn=FECHA_SALIDA, insertable=true, updatable=true, unique=false}
11:57:56.531 [Test worker] DEBUG org.hibernate.cfg.annotations.PropertyBinder - MetadataSourceProcessor property fechaSalida with lazy=false
11:57:56.531 [Test worker] DEBUG org.hibernate.cfg.AbstractPropertyHolder - Attempting to locate auto-apply AttributeConverter for property [co.com.ceiba.estacionamiento.model.Parqueadero:fechaSalida]
11:57:56.531 [Test worker] DEBUG org.hibernate.cfg.annotations.SimpleValueBinder - building SimpleValue for fechaSalida
11:57:56.531 [Test worker] DEBUG org.hibernate.cfg.annotations.PropertyBinder - Building property fechaSalida
11:57:56.531 [Test worker] DEBUG org.hibernate.cfg.Ejb3Column - Binding column: Ejb3Column{table=org.hibernate.mapping.Table(parqueadero), mappingColumn=FECHA_INGRESO, insertable=true, updatable=true, unique=false}
11:57:56.531 [Test worker] DEBUG org.hibernate.cfg.annotations.PropertyBinder - MetadataSourceProcessor property fehcaIngreso with lazy=false
11:57:56.532 [Test worker] DEBUG org.hibernate.cfg.AbstractPropertyHolder - Attempting to locate auto-apply AttributeConverter for property [co.com.ceiba.estacionamiento.model.Parqueadero:fehcaIngreso]
11:57:56.532 [Test worker] DEBUG org.hibernate.cfg.annotations.SimpleValueBinder - building SimpleValue for fehcaIngreso
11:57:56.533 [Test worker] DEBUG org.hibernate.cfg.annotations.PropertyBinder - Building property fehcaIngreso
11:57:56.533 [Test worker] DEBUG org.hibernate.cfg.Ejb3Column - Binding column: Ejb3Column{table=org.hibernate.mapping.Table(parqueadero), mappingColumn=ID_VEHICULO, insertable=true, updatable=true, unique=false}
11:57:56.533 [Test worker] DEBUG org.hibernate.cfg.annotations.PropertyBinder - MetadataSourceProcessor property idVehiculo with lazy=false
11:57:56.533 [Test worker] DEBUG org.hibernate.cfg.AbstractPropertyHolder - Attempting to locate auto-apply AttributeConverter for property [co.com.ceiba.estacionamiento.model.Parqueadero:idVehiculo]
11:57:56.533 [Test worker] DEBUG org.hibernate.cfg.annotations.SimpleValueBinder - building SimpleValue for idVehiculo
11:57:56.534 [Test worker] DEBUG org.hibernate.cfg.annotations.PropertyBinder - Building property idVehiculo
11:57:56.534 [Test worker] DEBUG org.hibernate.cfg.Ejb3Column - Binding column: Ejb3Column{table=org.hibernate.mapping.Table(parqueadero), mappingColumn=PRECIO, insertable=true, updatable=true, unique=false}
11:57:56.534 [Test worker] DEBUG org.hibernate.cfg.annotations.PropertyBinder - MetadataSourceProcessor property precio with lazy=false
11:57:56.534 [Test worker] DEBUG org.hibernate.cfg.AbstractPropertyHolder - Attempting to locate auto-apply AttributeConverter for property [co.com.ceiba.estacionamiento.model.Parqueadero:precio]
11:57:56.534 [Test worker] DEBUG org.hibernate.cfg.annotations.SimpleValueBinder - building SimpleValue for precio
11:57:56.535 [Test worker] DEBUG org.hibernate.cfg.annotations.PropertyBinder - Building property precio
11:57:56.536 [Test worker] DEBUG org.hibernate.cfg.annotations.SimpleValueBinder - Starting fillSimpleValue for id
11:57:56.536 [Test worker] DEBUG org.hibernate.cfg.annotations.SimpleValueBinder - Starting fillSimpleValue for cilindraje
11:57:56.536 [Test worker] DEBUG org.hibernate.cfg.annotations.SimpleValueBinder - Starting fillSimpleValue for placa
11:57:56.536 [Test worker] DEBUG org.hibernate.cfg.annotations.SimpleValueBinder - Starting fillSimpleValue for tipoVehiculo
11:57:56.537 [Test worker] DEBUG org.hibernate.cfg.annotations.SimpleValueBinder - Starting fillSimpleValue for id
11:57:56.537 [Test worker] DEBUG org.hibernate.cfg.annotations.SimpleValueBinder - Starting fillSimpleValue for estado
11:57:56.537 [Test worker] DEBUG org.hibernate.cfg.annotations.SimpleValueBinder - Starting fillSimpleValue for fechaSalida
11:57:56.537 [Test worker] DEBUG org.hibernate.cfg.annotations.SimpleValueBinder - Starting fillSimpleValue for fehcaIngreso
11:57:56.538 [Test worker] DEBUG org.hibernate.cfg.annotations.SimpleValueBinder - Starting fillSimpleValue for idVehiculo
11:57:56.538 [Test worker] DEBUG org.hibernate.cfg.annotations.SimpleValueBinder - Starting fillSimpleValue for precio
11:57:56.541 [Test worker] DEBUG org.hibernate.mapping.PrimaryKey - Forcing column [id] to be non-null as it is part of the primary key for table [vehiculo]
11:57:56.541 [Test worker] DEBUG org.hibernate.mapping.PrimaryKey - Forcing column [id] to be non-null as it is part of the primary key for table [parqueadero]
11:57:56.614 [Test worker] DEBUG org.hibernate.internal.SessionFactoryImpl - Building session factory
11:57:56.616 [Test worker] DEBUG org.hibernate.cfg.Settings - SessionFactory name : null
11:57:56.616 [Test worker] DEBUG org.hibernate.cfg.Settings - Automatic flush during beforeCompletion(): enabled
11:57:56.616 [Test worker] DEBUG org.hibernate.cfg.Settings - Automatic session close at end of transaction: disabled
11:57:56.616 [Test worker] DEBUG org.hibernate.cfg.Settings - Statistics: disabled
11:57:56.616 [Test worker] DEBUG org.hibernate.cfg.Settings - Deleted entity synthetic identifier rollback: disabled
11:57:56.616 [Test worker] DEBUG org.hibernate.cfg.Settings - Default entity-mode: pojo
11:57:56.617 [Test worker] DEBUG org.hibernate.cfg.Settings - Check Nullability in Core (should be disabled when Bean Validation is on): enabled
11:57:56.617 [Test worker] DEBUG org.hibernate.cfg.Settings - Allow initialization of lazy state outside session : disabled
11:57:56.617 [Test worker] DEBUG org.hibernate.cfg.Settings - Using BatchFetchStyle : LEGACY
11:57:56.617 [Test worker] DEBUG org.hibernate.cfg.Settings - Default batch fetch size: -1
11:57:56.617 [Test worker] DEBUG org.hibernate.cfg.Settings - Maximum outer join fetch depth: 2
11:57:56.617 [Test worker] DEBUG org.hibernate.cfg.Settings - Default null ordering: NONE
11:57:56.617 [Test worker] DEBUG org.hibernate.cfg.Settings - Order SQL updates by primary key: disabled
11:57:56.618 [Test worker] DEBUG org.hibernate.cfg.Settings - Order SQL inserts for batching: disabled
11:57:56.618 [Test worker] DEBUG org.hibernate.cfg.Settings - multi-tenancy strategy : NONE
11:57:56.618 [Test worker] DEBUG org.hibernate.cfg.Settings - JTA Track by Thread: enabled
11:57:56.618 [Test worker] DEBUG org.hibernate.cfg.Settings - Query language substitutions: {}
11:57:56.618 [Test worker] DEBUG org.hibernate.cfg.Settings - JPA query language strict compliance: disabled
11:57:56.619 [Test worker] DEBUG org.hibernate.cfg.Settings - Named query checking : enabled
11:57:56.619 [Test worker] DEBUG org.hibernate.cfg.Settings - Second-level cache: enabled
11:57:56.619 [Test worker] DEBUG org.hibernate.cfg.Settings - Second-level query cache: disabled
11:57:56.619 [Test worker] DEBUG org.hibernate.cfg.Settings - Second-level query cache factory: org.hibernate.cache.internal.StandardQueryCacheFactory@6d35d04d
11:57:56.620 [Test worker] DEBUG org.hibernate.cfg.Settings - Second-level cache region prefix: null
11:57:56.620 [Test worker] DEBUG org.hibernate.cfg.Settings - Optimize second-level cache for minimal puts: disabled
11:57:56.620 [Test worker] DEBUG org.hibernate.cfg.Settings - Structured second-level cache entries: disabled
11:57:56.620 [Test worker] DEBUG org.hibernate.cfg.Settings - Second-level cache direct-reference entries: disabled
11:57:56.620 [Test worker] DEBUG org.hibernate.cfg.Settings - Automatic eviction of collection cache: disabled
11:57:56.620 [Test worker] DEBUG org.hibernate.cfg.Settings - JDBC batch size: 15
11:57:56.620 [Test worker] DEBUG org.hibernate.cfg.Settings - JDBC batch updates for versioned data: enabled
11:57:56.621 [Test worker] DEBUG org.hibernate.cfg.Settings - Scrollable result sets: enabled
11:57:56.621 [Test worker] DEBUG org.hibernate.cfg.Settings - Wrap result sets: disabled
11:57:56.621 [Test worker] DEBUG org.hibernate.cfg.Settings - JDBC3 getGeneratedKeys(): enabled
11:57:56.621 [Test worker] DEBUG org.hibernate.cfg.Settings - JDBC result set fetch size: null
11:57:56.621 [Test worker] DEBUG org.hibernate.cfg.Settings - Connection release mode: AFTER_TRANSACTION
11:57:56.621 [Test worker] DEBUG org.hibernate.cfg.Settings - Generate SQL with comments: disabled
11:57:56.699 [Test worker] DEBUG org.hibernate.internal.SessionFactoryImpl - Session factory constructed with filter configurations : {}
11:57:56.700 [Test worker] DEBUG org.hibernate.internal.SessionFactoryImpl - Instantiating session factory with properties: {sun.desktop=windows, awt.toolkit=sun.awt.windows.WToolkit, file.encoding.pkg=sun.io, java.specification.version=1.8, sun.cpu.isalist=amd64, sun.jnu.encoding=Cp1252, hibernate.dialect=org.hibernate.dialect.MySQL5Dialect, org.gradle.test.worker=17, java.class.path=C:\Users\daniel.giraldo\Documents\GitHub\Ceiba-Estacionamiento(daniel.giraldo)\build\classes\java\test;C:\Users\daniel.giraldo\Documents\GitHub\Ceiba-Estacionamiento(daniel.giraldo)\build\resources\test;C:\Users\daniel.giraldo\Documents\GitHub\Ceiba-Estacionamiento(daniel.giraldo)\build\classes\java\main;C:\Users\daniel.giraldo\Documents\GitHub\Ceiba-Estacionamiento(daniel.giraldo)\build\resources\main;C:\Users\daniel.giraldo\.gradle\caches\modules-2\files-2.1\org.springframework.boot\spring-boot-starter-data-jpa\2.0.4.RELEASE\69970d3a7c353d8e727e2c6b2a9e621114f5e089\spring-boot-starter-data-jpa-2.0.4.RELEASE.jar;C:\Users\daniel.giraldo\.gradle\caches\modules-2\files-2.1\org.springframework.boot\spring-boot-starter-web\2.0.4.RELEASE\98d49e981ecf804da877d84259b7b0d1ec2fb6f6\spring-boot-starter-web-2.0.4.RELEASE.jar;C:\Users\daniel.giraldo\.gradle\caches\modules-2\files-2.1\org.json\json\20141113\c590c04911645db2f53b9bbefd5c3fcd8ca5581d\json-20141113.jar;C:\Users\daniel.giraldo\.gradle\caches\modules-2\files-2.1\org.hibernate\hibernate-core\5.2.9.Final\284e5c769bbcc3fe1d4961f163b7360e6b4e2422\hibernate-core-5.2.9.Final.jar;C:\Users\daniel.giraldo\.gradle\caches\modules-2\files-2.1\com.h2database\h2\1.4.197\bb391050048ca8ae3e32451b5a3714ecd3596a46\h2-1.4.197.jar;C:\Users\daniel.giraldo\.gradle\caches\modules-2\files-2.1\mysql\mysql-connector-java\5.1.46\9a3e63b387e376364211e96827bc27db8d7a92e9\mysql-connector-java-5.1.46.jar;C:\Users\daniel.giraldo\.gradle\caches\modules-2\files-2.1\org.springframework.boot\spring-boot-starter-test\2.0.4.RELEASE\8f473705d2742b669f0318f10a956f94a93ba3d2\spring-boot-starter-test-2.0.4.RELEASE.jar;C:\Users\daniel.giraldo\.gradle\caches\modules-2\files-2.1\org.springframework.boot\spring-boot-starter-aop\2.0.4.RELEASE\5e963eb965b72e113a05351c482e3d613f04e59d\spring-boot-starter-aop-2.0.4.RELEASE.jar;C:\Users\daniel.giraldo\.gradle\caches\modules-2\files-2.1\org.springframework.boot\spring-boot-starter-jdbc\2.0.4.RELEASE\3e9b13a3bee8b8f9b2b9fde4f9e9aac0ccf2b3ba\spring-boot-starter-jdbc-2.0.4.RELEASE.jar;C:\Users\daniel.giraldo\.gradle\caches\modules-2\files-2.1\org.springframework.boot\spring-boot-starter-json\2.0.4.RELEASE\c7afabf0d7c85db178da4ce0634e3bd2ddb0eb71\spring-boot-starter-json-2.0.4.RELEASE.jar;C:\Users\daniel.giraldo\.gradle\caches\modules-2\files-2.1\org.springframework.boot\spring-boot-starter\2.0.4.RELEASE\ec46c63a2adeee40058eff1a6baefca13975dc94\spring-boot-starter-2.0.4.RELEASE.jar;C:\Users\daniel.giraldo\.gradle\caches\modules-2\files-2.1\javax.transaction\javax.transaction-api\1.2\d81aff979d603edd90dcd8db2abc1f4ce6479e3e\javax.transaction-api-1.2.jar;C:\Users\daniel.giraldo\.gradle\caches\modules-2\files-2.1\org.springframework.data\spring-data-jpa\2.0.9.RELEASE\30acb36f682367d93ed400b4324fe2559f0fcb\spring-data-jpa-2.0.9.RELEASE.jar;C:\Users\daniel.giraldo\.gradle\caches\modules-2\files-2.1\org.springframework\spring-aspects\5.0.8.RELEASE\e66926466b8c72658d7e536923041dc93976baf3\spring-aspects-5.0.8.RELEASE.jar;C:\Users\daniel.giraldo\.gradle\caches\modules-2\files-2.1\org.springframework.boot\spring-boot-starter-tomcat\2.0.4.RELEASE\dcf28989a34b0801fea0e810c371fb9dab1e7784\spring-boot-starter-tomcat-2.0.4.RELEASE.jar;C:\Users\daniel.giraldo\.gradle\caches\modules-2\files-2.1\org.hibernate.validator\hibernate-validator\6.0.11.Final\36f9d10a11e4768f55e8fb91ebe4338a5c43954e\hibernate-validator-6.0.11.Final.jar;C:\Users\daniel.giraldo\.gradle\caches\modules-2\files-2.1\org.springframework\spring-webmvc\5.0.8.RELEASE\7e5fe57590ca8e4468e50fe1d92b0b67aa4a327a\spring-webmvc-5.0.8.RELEASE.jar;C:\Users\daniel.giraldo\.gradle\caches\modules-2\files-2.1\org.springframework\spring-web\5.0.8.RELEASE\fa43cdadb4ab2491fd1d0ddb06c0808e4b60fc85\spring-web-5.0.8.RELEASE.jar;C:\Users\daniel.giraldo\.gradle\caches\modules-2\files-2.1\org.hibernate.common\hibernate-commons-annotations\5.0.1.Final\71e1cff3fcb20d3b3af4f3363c3ddb24d33c6879\hibernate-commons-annotations-5.0.1.Final.jar;C:\Users\daniel.giraldo\.gradle\caches\modules-2\files-2.1\org.jboss.logging\jboss-logging\3.3.2.Final\3789d00e859632e6c6206adc0c71625559e6e3b0\jboss-logging-3.3.2.Final.jar;C:\Users\daniel.giraldo\.gradle\caches\modules-2\files-2.1\org.hibernate.javax.persistence\hibernate-jpa-2.1-api\1.0.2.Final\52afb5762c704a6b586e27742470c08f91877fc1\hibernate-jpa-2.1-api-1.0.2.Final.jar;C:\Users\daniel.giraldo\.gradle\caches\modules-2\files-2.1\org.javassist\javassist\3.20.0-GA\a9cbcdfb7e9f86fbc74d3afae65f2248bfbf82a0\javassist-3.20.0-GA.jar;C:\Users\daniel.giraldo\.gradle\caches\modules-2\files-2.1\antlr\antlr\2.7.7\83cd2cd674a217ade95a4bb83a8a14f351f48bd0\antlr-2.7.7.jar;C:\Users\daniel.giraldo\.gradle\caches\modules-2\files-2.1\org.jboss.spec.javax.transaction\jboss-transaction-api_1.2_spec\1.0.1.Final\4441f144a2a1f46ed48fcc6b476a4b6295e6d524\jboss-transaction-api_1.2_spec-1.0.1.Final.jar;C:\Users\daniel.giraldo\.gradle\caches\modules-2\files-2.1\org.jboss\jandex\2.0.3.Final\bfc4d6257dbff7a33a357f0de116be6ff951d849\jandex-2.0.3.Final.jar;C:\Users\daniel.giraldo\.gradle\caches\modules-2\files-2.1\com.fasterxml\classmate\1.3.4\3d5f48f10bbe4eb7bd862f10c0583be2e0053c6\classmate-1.3.4.jar;C:\Users\daniel.giraldo\.gradle\caches\modules-2\files-2.1\dom4j\dom4j\1.6.1\5d3ccc056b6f056dbf0dddfdf43894b9065a8f94\dom4j-1.6.1.jar;C:\Users\daniel.giraldo\.gradle\caches\modules-2\files-2.1\org.springframework.boot\spring-boot-test-autoconfigure\2.0.4.RELEASE\8a2e3f31e607fdb08deda2f59263ce177f1c4310\spring-boot-test-autoconfigure-2.0.4.RELEASE.jar;C:\Users\daniel.giraldo\.gradle\caches\modules-2\files-2.1\org.springframework.boot\spring-boot-test\2.0.4.RELEASE\8a17fc3cf16b6d75f2ba132ade04409a670095de\spring-boot-test-2.0.4.RELEASE.jar;C:\Users\daniel.giraldo\.gradle\caches\modules-2\files-2.1\com.jayway.jsonpath\json-path\2.4.0\765a4401ceb2dc8d40553c2075eb80a8fa35c2ae\json-path-2.4.0.jar;C:\Users\daniel.giraldo\.gradle\caches\modules-2\files-2.1\junit\junit\4.12\2973d150c0dc1fefe998f834810d68f278ea58ec\junit-4.12.jar;C:\Users\daniel.giraldo\.gradle\caches\modules-2\files-2.1\org.assertj\assertj-core\3.9.1\c5ce126b15f28d56cd8f960c1a6a058b9c9aea87\assertj-core-3.9.1.jar;C:\Users\daniel.giraldo\.gradle\caches\modules-2\files-2.1\org.mockito\mockito-core\2.15.0\b84bfbbc29cd22c9529409627af6ea2897f4fa85\mockito-core-2.15.0.jar;C:\Users\daniel.giraldo\.gradle\caches\modules-2\files-2.1\org.hamcrest\hamcrest-library\1.3\4785a3c21320980282f9f33d0d1264a69040538f\hamcrest-library-1.3.jar;C:\Users\daniel.giraldo\.gradle\caches\modules-2\files-2.1\org.hamcrest\hamcrest-core\1.3\42a25dc3219429f0e5d060061f71acb49bf010a0\hamcrest-core-1.3.jar;C:\Users\daniel.giraldo\.gradle\caches\modules-2\files-2.1\org.skyscreamer\jsonassert\1.5.0\6c9d5fe2f59da598d9aefc1cfc6528ff3cf32df3\jsonassert-1.5.0.jar;C:\Users\daniel.giraldo\.gradle\caches\modules-2\files-2.1\org.springframework\spring-test\5.0.8.RELEASE\5782619373bd7e7b7d9106203c317b04bb613ebb\spring-test-5.0.8.RELEASE.jar;C:\Users\daniel.giraldo\.gradle\caches\modules-2\files-2.1\org.springframework.boot\spring-boot-autoconfigure\2.0.4.RELEASE\65cd1244d606acc02ab7bfc47a203a3fe2400dda\spring-boot-autoconfigure-2.0.4.RELEASE.jar;C:\Users\daniel.giraldo\.gradle\caches\modules-2\files-2.1\org.springframework.boot\spring-boot\2.0.4.RELEASE\c8619c5b06d4dcdb4cac1e5e9c839e6e8b1c8574\spring-boot-2.0.4.RELEASE.jar;C:\Users\daniel.giraldo\.gradle\caches\modules-2\files-2.1\org.springframework\spring-orm\5.0.8.RELEASE\4da63072d1ed6a2eb4bc0a4c8da5e09f39b5021e\spring-orm-5.0.8.RELEASE.jar;C:\Users\daniel.giraldo\.gradle\caches\modules-2\files-2.1\org.springframework\spring-jdbc\5.0.8.RELEASE\efcf5f0ccaaa9deec2d9133c9d6bfbb7e55370ff\spring-jdbc-5.0.8.RELEASE.jar;C:\Users\daniel.giraldo\.gradle\caches\modules-2\files-2.1\org.springframework.data\spring-data-commons\2.0.9.RELEASE\9c8f3ea29c9dd6e4c41876c46e9f5f4987390beb\spring-data-commons-2.0.9.RELEASE.jar;C:\Users\daniel.giraldo\.gradle\caches\modules-2\files-2.1\org.springframework\spring-context\5.0.8.RELEASE\3a067d8990761111c9b6d1d895640be26cc1fb38\spring-context-5.0.8.RELEASE.jar;C:\Users\daniel.giraldo\.gradle\caches\modules-2\files-2.1\org.springframework\spring-tx\5.0.8.RELEASE\b6488db6192f71bd682a13b9d42127307631c616\spring-tx-5.0.8.RELEASE.jar;C:\Users\daniel.giraldo\.gradle\caches\modules-2\files-2.1\org.springframework\spring-aop\5.0.8.RELEASE\f5086c1a3185c481104511837427b39a07a57aa2\spring-aop-5.0.8.RELEASE.jar;C:\Users\daniel.giraldo\.gradle\caches\modules-2\files-2.1\org.springframework\spring-beans\5.0.8.RELEASE\5fc965d3e7f5515099244857a8ae9e2a208c169b\spring-beans-5.0.8.RELEASE.jar;C:\Users\daniel.giraldo\.gradle\caches\modules-2\files-2.1\org.springframework\spring-expression\5.0.8.RELEASE\f23158f22c917df2cddf2ecebc398a9e95f95fae\spring-expression-5.0.8.RELEASE.jar;C:\Users\daniel.giraldo\.gradle\caches\modules-2\files-2.1\org.springframework\spring-core\5.0.8.RELEASE\dc39c49e3246cdf73d3786ac41119140aed3fa08\spring-core-5.0.8.RELEASE.jar;C:\Users\daniel.giraldo\.gradle\caches\modules-2\files-2.1\org.xmlunit\xmlunit-core\2.5.1\4ffdb346572a7356f7521cd3119ce5287d2e339d\xmlunit-core-2.5.1.jar;C:\Users\daniel.giraldo\.gradle\caches\modules-2\files-2.1\org.springframework.boot\spring-boot-starter-logging\2.0.4.RELEASE\dcd1a2c431c970f44adae64d9145133979a513ab\spring-boot-starter-logging-2.0.4.RELEASE.jar;C:\Users\daniel.giraldo\.gradle\caches\modules-2\files-2.1\javax.annotation\javax.annotation-api\1.3.2\934c04d3cfef185a8008e7bf34331b79730a9d43\javax.annotation-api-1.3.2.jar;C:\Users\daniel.giraldo\.gradle\caches\modules-2\files-2.1\org.yaml\snakeyaml\1.19\2d998d3d674b172a588e54ab619854d073f555b5\snakeyaml-1.19.jar;C:\Users\daniel.giraldo\.gradle\caches\modules-2\files-2.1\org.aspectj\aspectjweaver\1.8.13\ad94df2a28d658a40dc27bbaff6a1ce5fbf04e9b\aspectjweaver-1.8.13.jar;C:\Users\daniel.giraldo\.gradle\caches\modules-2\files-2.1\com.zaxxer\HikariCP\2.7.9\a83113d2c091d0d0f853dad3217bd7df3beb6ae3\HikariCP-2.7.9.jar;C:\Users\daniel.giraldo\.gradle\caches\modules-2\files-2.1\ch.qos.logback\logback-classic\1.2.3\7c4f3c474fb2c041d8028740440937705ebb473a\logback-classic-1.2.3.jar;C:\Users\daniel.giraldo\.gradle\caches\modules-2\files-2.1\org.apache.logging.log4j\log4j-to-slf4j\2.10.0\f7e631ccf49cfc0aefa4a2a728da7d374c05bd3c\log4j-to-slf4j-2.10.0.jar;C:\Users\daniel.giraldo\.gradle\caches\modules-2\files-2.1\org.slf4j\jul-to-slf4j\1.7.25\af5364cd6679bfffb114f0dec8a157aaa283b76\jul-to-slf4j-1.7.25.jar;C:\Users\daniel.giraldo\.gradle\caches\modules-2\files-2.1\org.slf4j\slf4j-api\1.7.25\da76ca59f6a57ee3102f8f9bd9cee742973efa8a\slf4j-api-1.7.25.jar;C:\Users\daniel.giraldo\.gradle\caches\modules-2\files-2.1\com.fasterxml.jackson.datatype\jackson-datatype-jdk8\2.9.6\456895fc91bf7180b216fead220373e6278230c9\jackson-datatype-jdk8-2.9.6.jar;C:\Users\daniel.giraldo\.gradle\caches\modules-2\files-2.1\com.fasterxml.jackson.datatype\jackson-datatype-jsr310\2.9.6\ea54f6193d224e5e5732bbd4262327eb465397c2\jackson-datatype-jsr310-2.9.6.jar;C:\Users\daniel.giraldo\.gradle\caches\modules-2\files-2.1\com.fasterxml.jackson.module\jackson-module-parameter-names\2.9.6\129acd77a4b6ee30d62d3a0899b1344c8ec2bff8\jackson-module-parameter-names-2.9.6.jar;C:\Users\daniel.giraldo\.gradle\caches\modules-2\files-2.1\com.fasterxml.jackson.core\jackson-databind\2.9.6\cfa4f316351a91bfd95cb0644c6a2c95f52db1fc\jackson-databind-2.9.6.jar;C:\Users\daniel.giraldo\.gradle\caches\modules-2\files-2.1\org.apache.tomcat.embed\tomcat-embed-websocket\8.5.32\ea5302e378f1449d4e5dda79e8d810c1e7931f91\tomcat-embed-websocket-8.5.32.jar;C:\Users\daniel.giraldo\.gradle\caches\modules-2\files-2.1\org.apache.tomcat.embed\tomcat-embed-core\8.5.32\6bc6896200146010cc4666bdc6b9b0cbb453ee22\tomcat-embed-core-8.5.32.jar;C:\Users\daniel.giraldo\.gradle\caches\modules-2\files-2.1\org.apache.tomcat.embed\tomcat-embed-el\8.5.32\e4fd0ee015d83fa1c5ec93ff1d05bdaf9a4480c5\tomcat-embed-el-8.5.32.jar;C:\Users\daniel.giraldo\.gradle\caches\modules-2\files-2.1\javax.validation\validation-api\2.0.1.Final\cb855558e6271b1b32e716d24cb85c7f583ce09e\validation-api-2.0.1.Final.jar;C:\Users\daniel.giraldo\.gradle\caches\modules-2\files-2.1\net.minidev\json-smart\2.3\7396407491352ce4fa30de92efb158adb76b5b\json-smart-2.3.jar;C:\Users\daniel.giraldo\.gradle\caches\modules-2\files-2.1\net.bytebuddy\byte-buddy\1.7.11\f02857a4e2c66ccbe7aaad6100a0a6c461bce9b3\byte-buddy-1.7.11.jar;C:\Users\daniel.giraldo\.gradle\caches\modules-2\files-2.1\net.bytebuddy\byte-buddy-agent\1.7.11\b425a8933ca07edd03c6dbc8bc3b595fba9780de\byte-buddy-agent-1.7.11.jar;C:\Users\daniel.giraldo\.gradle\caches\modules-2\files-2.1\org.objenesis\objenesis\2.6\639033469776fd37c08358c6b92a4761feb2af4b\objenesis-2.6.jar;C:\Users\daniel.giraldo\.gradle\caches\modules-2\files-2.1\com.vaadin.external.google\android-json\0.0.20131108.vaadin1\fa26d351fe62a6a17f5cda1287c1c6110dec413f\android-json-0.0.20131108.vaadin1.jar;C:\Users\daniel.giraldo\.gradle\caches\modules-2\files-2.1\org.springframework\spring-jcl\5.0.8.RELEASE\a1fa8fb560fb252321776e16bc9ac8201af4ef5e\spring-jcl-5.0.8.RELEASE.jar;C:\Users\daniel.giraldo\.gradle\caches\modules-2\files-2.1\com.fasterxml.jackson.core\jackson-annotations\2.9.0\7c10d545325e3a6e72e06381afe469fd40eb701\jackson-annotations-2.9.0.jar;C:\Users\daniel.giraldo\.gradle\caches\modules-2\files-2.1\com.fasterxml.jackson.core\jackson-core\2.9.6\4e393793c37c77e042ccc7be5a914ae39251b365\jackson-core-2.9.6.jar;C:\Users\daniel.giraldo\.gradle\caches\modules-2\files-2.1\net.minidev\accessors-smart\1.2\c592b500269bfde36096641b01238a8350f8aa31\accessors-smart-1.2.jar;C:\Users\daniel.giraldo\.gradle\caches\modules-2\files-2.1\ch.qos.logback\logback-core\1.2.3\864344400c3d4d92dfeb0a305dc87d953677c03c\logback-core-1.2.3.jar;C:\Users\daniel.giraldo\.gradle\caches\modules-2\files-2.1\org.apache.logging.log4j\log4j-api\2.10.0\fec5797a55b786184a537abd39c3fa1449d752d6\log4j-api-2.10.0.jar;C:\Users\daniel.giraldo\.gradle\caches\modules-2\files-2.1\org.ow2.asm\asm\5.0.4\da08b8cce7bbf903602a25a3a163ae252435795\asm-5.0.4.jar, java.vm.vendor=Oracle Corporation, sun.arch.data.model=64, user.variant=, java.vendor.url=http://java.oracle.com/, user.timezone=America/Bogota, javax.persistence.jdbc.user=****, javax.persistence.jdbc.url=jdbc:mysql://localhost:3306/parqueadero, os.name=Windows 10, java.vm.specification.version=1.8, user.country=CO, sun.java.launcher=SUN_STANDARD, sun.boot.library.path=C:\Program Files\Java\jdk1.8.0_181\jre\bin, sun.java.command=worker.org.gradle.process.internal.worker.GradleWorkerMain 'Gradle Test Executor 17', sun.cpu.endian=little, user.home=C:\Users\daniel.giraldo, user.language=es, java.specification.vendor=Oracle Corporation, org.gradle.native=false, java.home=C:\Program Files\Java\jdk1.8.0_181\jre, file.separator=\, line.separator=
, java.vm.specification.vendor=Oracle Corporation, java.specification.name=Java Platform API Specification, hibernate.transaction.coordinator_class=class org.hibernate.resource.transaction.backend.jdbc.internal.JdbcResourceLocalTransactionCoordinatorBuilderImpl, java.awt.graphicsenv=sun.awt.Win32GraphicsEnvironment, javax.persistence.jdbc.driver=com.mysql.jdbc.Driver, sun.boot.class.path=C:\Program Files\Java\jdk1.8.0_181\jre\lib\resources.jar;C:\Program Files\Java\jdk1.8.0_181\jre\lib\rt.jar;C:\Program Files\Java\jdk1.8.0_181\jre\lib\sunrsasign.jar;C:\Program Files\Java\jdk1.8.0_181\jre\lib\jsse.jar;C:\Program Files\Java\jdk1.8.0_181\jre\lib\jce.jar;C:\Program Files\Java\jdk1.8.0_181\jre\lib\charsets.jar;C:\Program Files\Java\jdk1.8.0_181\jre\lib\jfr.jar;C:\Program Files\Java\jdk1.8.0_181\jre\classes, user.script=, sun.management.compiler=HotSpot 64-Bit Tiered Compilers, java.runtime.version=1.8.0_181-b13, user.name=daniel.giraldo, path.separator=;, hibernate.connection.username=root, os.version=10.0, java.endorsed.dirs=C:\Program Files\Java\jdk1.8.0_181\jre\lib\endorsed, java.runtime.name=Java(TM) SE Runtime Environment, hibernate.connection.url=jdbc:mysql://localhost:3306/parqueadero, hibernate.ejb.persistenceUnitName=TestPersistence, file.encoding=windows-1252, java.vm.name=Java HotSpot(TM) 64-Bit Server VM, hibernate.show_sql=true, hibernate.connection.driver_class=com.mysql.jdbc.Driver, java.vendor.url.bug=http://bugreport.sun.com/bugreport/, java.io.tmpdir=C:\Users\DANIEL~1.GIR\AppData\Local\Temp\, java.version=1.8.0_181, user.dir=C:\Users\daniel.giraldo\Documents\GitHub\Ceiba-Estacionamiento(daniel.giraldo), os.arch=amd64, java.vm.specification.name=Java Virtual Machine Specification, hibernate.connection.password=****, java.awt.printerjob=sun.awt.windows.WPrinterJob, sun.os.patch.level=, hibernate.boot.CfgXmlAccessService.key=org.hibernate.boot.cfgxml.spi.LoadedConfig@5f66bc63, java.library.path=C:\Program Files\Java\jdk1.8.0_181\bin;C:\Windows\Sun\Java\bin;C:\Windows\system32;C:\Windows;C:/Program Files/Java/jdk1.8.0_181/bin/../jre/bin/server;C:/Program Files/Java/jdk1.8.0_181/bin/../jre/bin;C:/Program Files/Java/jdk1.8.0_181/bin/../jre/lib/amd64;C:\Program Files\Java\jdk1.8.0_181\bin;C:\Program Files (x86)\Common Files\Oracle\Java\javapath;C:\Oracle\product\11.1.0\client_1\bin;C:\Program Files\CollabNet\Subversion Client;C:\Windows\system32;C:\Windows;C:\Windows\System32\Wbem;C:\Windows\System32\WindowsPowerShell\v1.0\;C:\Windows\System32\OpenSSH\;C:\Program Files\TortoiseSVN\bin;C:\Program Files (x86)\ATI Technologies\ATI.ACE\Core-Static;C:\Program Files\PuTTY\;C:\Program Files\Git\cmd;C:\Users\daniel.giraldo\AppData\Local\Microsoft\WindowsApps;C:\Users\daniel.giraldo\AppData\Local\GitHubDesktop\bin;C:\Users\daniel.giraldo\eclipse\jee-neon\eclipse;;., java.vm.info=mixed mode, java.vendor=Oracle Corporation, java.vm.version=25.181-b13, hibernate.bytecode.use_reflection_optimizer=false, java.ext.dirs=C:\Program Files\Java\jdk1.8.0_181\jre\lib\ext;C:\Windows\Sun\Java\lib\ext, sun.io.unicode.encoding=UnicodeLittle, javax.persistence.jdbc.password=1234, java.class.version=52.0}
11:57:56.748 [Test worker] INFO org.hibernate.validator.internal.util.Version - HV000001: Hibernate Validator 6.0.11.Final
11:57:56.765 [Test worker] DEBUG org.hibernate.validator.internal.engine.resolver.TraversableResolvers - Found javax.persistence.Persistence on classpath containing 'getPersistenceUtil'. Assuming JPA 2 environment. Trying to instantiate JPA aware TraversableResolver
11:57:56.768 [Test worker] DEBUG org.hibernate.validator.internal.engine.resolver.TraversableResolvers - Instantiated JPA aware TraversableResolver of type org.hibernate.validator.internal.engine.resolver.JPATraversableResolver.
11:57:56.775 [Test worker] DEBUG org.hibernate.validator.internal.xml.config.ValidationXmlParser - Trying to load META-INF/validation.xml for XML based Validator configuration.
11:57:56.777 [Test worker] DEBUG org.hibernate.validator.internal.xml.config.ResourceLoaderHelper - Trying to load META-INF/validation.xml via TCCL
11:57:56.778 [Test worker] DEBUG org.hibernate.validator.internal.xml.config.ResourceLoaderHelper - Trying to load META-INF/validation.xml via Hibernate Validator's class loader
11:57:56.778 [Test worker] DEBUG org.hibernate.validator.internal.xml.config.ValidationXmlParser - No META-INF/validation.xml found. Using annotation based configuration only.
11:57:57.016 [Test worker] DEBUG org.hibernate.validator.messageinterpolation.ResourceBundleMessageInterpolator - Loaded expression factory via original TCCL
11:57:57.024 [Test worker] DEBUG org.hibernate.validator.internal.engine.ValidatorFactoryImpl - HV000234: Using org.hibernate.validator.messageinterpolation.ResourceBundleMessageInterpolator as ValidatorFactory-scoped message interpolator.
11:57:57.024 [Test worker] DEBUG org.hibernate.validator.internal.engine.ValidatorFactoryImpl - HV000234: Using org.hibernate.validator.internal.engine.resolver.JPATraversableResolver as ValidatorFactory-scoped traversable resolver.
11:57:57.025 [Test worker] DEBUG org.hibernate.validator.internal.engine.ValidatorFactoryImpl - HV000234: Using org.hibernate.validator.internal.util.ExecutableParameterNameProvider as ValidatorFactory-scoped parameter name provider.
11:57:57.025 [Test worker] DEBUG org.hibernate.validator.internal.engine.ValidatorFactoryImpl - HV000234: Using org.hibernate.validator.internal.engine.DefaultClockProvider as ValidatorFactory-scoped clock provider.
11:57:57.025 [Test worker] DEBUG org.hibernate.validator.internal.engine.ValidatorFactoryImpl - HV000234: Using org.hibernate.validator.internal.engine.scripting.DefaultScriptEvaluatorFactory as ValidatorFactory-scoped script evaluator factory.
11:57:57.027 [Test worker] DEBUG org.hibernate.boot.internal.ClassLoaderAccessImpl - Not known whether passed class name [co.com.ceiba.estacionamiento.model.Parqueadero] is safe
11:57:57.027 [Test worker] DEBUG org.hibernate.boot.internal.ClassLoaderAccessImpl - No temp ClassLoader provided; using live ClassLoader for loading potentially unsafe class : co.com.ceiba.estacionamiento.model.Parqueadero
11:57:57.120 [Test worker] DEBUG org.hibernate.boot.internal.ClassLoaderAccessImpl - Not known whether passed class name [co.com.ceiba.estacionamiento.model.Vehiculo] is safe
11:57:57.121 [Test worker] DEBUG org.hibernate.boot.internal.ClassLoaderAccessImpl - No temp ClassLoader provided; using live ClassLoader for loading potentially unsafe class : co.com.ceiba.estacionamiento.model.Vehiculo
11:57:57.130 [Test worker] DEBUG org.hibernate.secure.spi.JaccIntegrator - Skipping JACC integration as it was not enabled
11:57:57.136 [Test worker] DEBUG org.hibernate.engine.spi.CascadeStyles - External cascade style regsitration [persist : STYLE_PERSIST_SKIPLAZY] overrode base registration [STYLE_PERSIST]
11:57:57.164 [Test worker] DEBUG org.hibernate.internal.SessionFactoryImpl - Instantiated session factory
11:57:57.219 [Test worker] DEBUG org.hibernate.boot.internal.ClassLoaderAccessImpl - Not known whether passed class name [co.com.ceiba.estacionamiento.model.Parqueadero] is safe
11:57:57.219 [Test worker] DEBUG org.hibernate.boot.internal.ClassLoaderAccessImpl - No temp ClassLoader provided; using live ClassLoader for loading potentially unsafe class : co.com.ceiba.estacionamiento.model.Parqueadero
11:57:57.241 [Test worker] DEBUG org.hibernate.boot.internal.ClassLoaderAccessImpl - Not known whether passed class name [co.com.ceiba.estacionamiento.model.Parqueadero] is safe
11:57:57.241 [Test worker] DEBUG org.hibernate.boot.internal.ClassLoaderAccessImpl - No temp ClassLoader provided; using live ClassLoader for loading potentially unsafe class : co.com.ceiba.estacionamiento.model.Parqueadero
11:57:57.373 [Test worker] DEBUG org.hibernate.boot.internal.ClassLoaderAccessImpl - Not known whether passed class name [co.com.ceiba.estacionamiento.model.Vehiculo] is safe
11:57:57.373 [Test worker] DEBUG org.hibernate.boot.internal.ClassLoaderAccessImpl - No temp ClassLoader provided; using live ClassLoader for loading potentially unsafe class : co.com.ceiba.estacionamiento.model.Vehiculo
11:57:57.374 [Test worker] DEBUG org.hibernate.boot.internal.ClassLoaderAccessImpl - Not known whether passed class name [co.com.ceiba.estacionamiento.model.Vehiculo] is safe
11:57:57.375 [Test worker] DEBUG org.hibernate.boot.internal.ClassLoaderAccessImpl - No temp ClassLoader provided; using live ClassLoader for loading potentially unsafe class : co.com.ceiba.estacionamiento.model.Vehiculo
11:57:57.405 [Test worker] DEBUG org.hibernate.persister.entity.AbstractEntityPersister - Static SQL for entity: co.com.ceiba.estacionamiento.model.Parqueadero
11:57:57.406 [Test worker] DEBUG org.hibernate.persister.entity.AbstractEntityPersister -  Version select: select ID from parqueadero where ID =?
11:57:57.406 [Test worker] DEBUG org.hibernate.persister.entity.AbstractEntityPersister -  Snapshot select: select parqueader_.ID, parqueader_.ESTADO as ESTADO2_0_, parqueader_.FECHA_SALIDA as FECHA_SA3_0_, parqueader_.FECHA_INGRESO as FECHA_IN4_0_, parqueader_.ID_VEHICULO as ID_VEHIC5_0_, parqueader_.PRECIO as PRECIO6_0_ from parqueadero parqueader_ where parqueader_.ID=?
11:57:57.406 [Test worker] DEBUG org.hibernate.persister.entity.AbstractEntityPersister -  Insert 0: insert into parqueadero (ESTADO, FECHA_SALIDA, FECHA_INGRESO, ID_VEHICULO, PRECIO, ID) values (?, ?, ?, ?, ?, ?)
11:57:57.407 [Test worker] DEBUG org.hibernate.persister.entity.AbstractEntityPersister -  Update 0: update parqueadero set ESTADO=?, FECHA_SALIDA=?, FECHA_INGRESO=?, ID_VEHICULO=?, PRECIO=? where ID=?
11:57:57.407 [Test worker] DEBUG org.hibernate.persister.entity.AbstractEntityPersister -  Delete 0: delete from parqueadero where ID=?
11:57:57.482 [Test worker] DEBUG org.hibernate.loader.plan.build.internal.spaces.QuerySpacesImpl - Adding QuerySpace : uid = <gen:0> -> org.hibernate.loader.plan.build.internal.spaces.EntityQuerySpaceImpl@6f94b4d4]
11:57:57.486 [Test worker] DEBUG org.hibernate.persister.walking.spi.MetamodelGraphWalker - Visiting attribute path : estado
11:57:57.486 [Test worker] DEBUG org.hibernate.persister.walking.spi.MetamodelGraphWalker - Visiting attribute path : fechaSalida
11:57:57.487 [Test worker] DEBUG org.hibernate.persister.walking.spi.MetamodelGraphWalker - Visiting attribute path : fehcaIngreso
11:57:57.487 [Test worker] DEBUG org.hibernate.persister.walking.spi.MetamodelGraphWalker - Visiting attribute path : idVehiculo
11:57:57.487 [Test worker] DEBUG org.hibernate.persister.walking.spi.MetamodelGraphWalker - Visiting attribute path : precio
11:57:57.488 [Test worker] DEBUG org.hibernate.loader.plan.build.internal.FetchStyleLoadPlanBuildingAssociationVisitationStrategy - Building LoadPlan...
11:57:57.516 [Test worker] DEBUG org.hibernate.loader.plan.exec.internal.LoadQueryJoinAndFetchProcessor - processing queryspace <gen:0>
11:57:57.527 [Test worker] DEBUG org.hibernate.loader.plan.build.spi.LoadPlanTreePrinter - LoadPlan(entity=co.com.ceiba.estacionamiento.model.Parqueadero)
    - Returns
       - EntityReturnImpl(entity=co.com.ceiba.estacionamiento.model.Parqueadero, querySpaceUid=<gen:0>, path=co.com.ceiba.estacionamiento.model.Parqueadero)
    - QuerySpaces
       - EntityQuerySpaceImpl(uid=<gen:0>, entity=co.com.ceiba.estacionamiento.model.Parqueadero)
          - SQL table alias mapping - parqueader0_
          - alias suffix - 0_
          - suffixed key columns - {ID1_0_0_}

11:57:57.533 [Test worker] DEBUG org.hibernate.loader.entity.plan.EntityLoader - Static select for entity co.com.ceiba.estacionamiento.model.Parqueadero [NONE]: select parqueader0_.ID as ID1_0_0_, parqueader0_.ESTADO as ESTADO2_0_0_, parqueader0_.FECHA_SALIDA as FECHA_SA3_0_0_, parqueader0_.FECHA_INGRESO as FECHA_IN4_0_0_, parqueader0_.ID_VEHICULO as ID_VEHIC5_0_0_, parqueader0_.PRECIO as PRECIO6_0_0_ from parqueadero parqueader0_ where parqueader0_.ID=?
11:57:57.533 [Test worker] DEBUG org.hibernate.loader.plan.build.internal.spaces.QuerySpacesImpl - Adding QuerySpace : uid = <gen:0> -> org.hibernate.loader.plan.build.internal.spaces.EntityQuerySpaceImpl@64de34fd]
11:57:57.533 [Test worker] DEBUG org.hibernate.persister.walking.spi.MetamodelGraphWalker - Visiting attribute path : estado
11:57:57.534 [Test worker] DEBUG org.hibernate.persister.walking.spi.MetamodelGraphWalker - Visiting attribute path : fechaSalida
11:57:57.535 [Test worker] DEBUG org.hibernate.persister.walking.spi.MetamodelGraphWalker - Visiting attribute path : fehcaIngreso
11:57:57.535 [Test worker] DEBUG org.hibernate.persister.walking.spi.MetamodelGraphWalker - Visiting attribute path : idVehiculo
11:57:57.536 [Test worker] DEBUG org.hibernate.persister.walking.spi.MetamodelGraphWalker - Visiting attribute path : precio
11:57:57.536 [Test worker] DEBUG org.hibernate.loader.plan.build.internal.FetchStyleLoadPlanBuildingAssociationVisitationStrategy - Building LoadPlan...
11:57:57.537 [Test worker] DEBUG org.hibernate.loader.plan.exec.internal.LoadQueryJoinAndFetchProcessor - processing queryspace <gen:0>
11:57:57.537 [Test worker] DEBUG org.hibernate.loader.plan.build.spi.LoadPlanTreePrinter - LoadPlan(entity=co.com.ceiba.estacionamiento.model.Parqueadero)
    - Returns
       - EntityReturnImpl(entity=co.com.ceiba.estacionamiento.model.Parqueadero, querySpaceUid=<gen:0>, path=co.com.ceiba.estacionamiento.model.Parqueadero)
    - QuerySpaces
       - EntityQuerySpaceImpl(uid=<gen:0>, entity=co.com.ceiba.estacionamiento.model.Parqueadero)
          - SQL table alias mapping - parqueader0_
          - alias suffix - 0_
          - suffixed key columns - {ID1_0_0_}

11:57:57.538 [Test worker] DEBUG org.hibernate.loader.entity.plan.EntityLoader - Static select for entity co.com.ceiba.estacionamiento.model.Parqueadero [READ]: select parqueader0_.ID as ID1_0_0_, parqueader0_.ESTADO as ESTADO2_0_0_, parqueader0_.FECHA_SALIDA as FECHA_SA3_0_0_, parqueader0_.FECHA_INGRESO as FECHA_IN4_0_0_, parqueader0_.ID_VEHICULO as ID_VEHIC5_0_0_, parqueader0_.PRECIO as PRECIO6_0_0_ from parqueadero parqueader0_ where parqueader0_.ID=?
11:57:57.538 [Test worker] DEBUG org.hibernate.loader.plan.build.internal.spaces.QuerySpacesImpl - Adding QuerySpace : uid = <gen:0> -> org.hibernate.loader.plan.build.internal.spaces.EntityQuerySpaceImpl@70ef86fd]
11:57:57.540 [Test worker] DEBUG org.hibernate.persister.walking.spi.MetamodelGraphWalker - Visiting attribute path : estado
11:57:57.541 [Test worker] DEBUG org.hibernate.persister.walking.spi.MetamodelGraphWalker - Visiting attribute path : fechaSalida
11:57:57.541 [Test worker] DEBUG org.hibernate.persister.walking.spi.MetamodelGraphWalker - Visiting attribute path : fehcaIngreso
11:57:57.541 [Test worker] DEBUG org.hibernate.persister.walking.spi.MetamodelGraphWalker - Visiting attribute path : idVehiculo
11:57:57.542 [Test worker] DEBUG org.hibernate.persister.walking.spi.MetamodelGraphWalker - Visiting attribute path : precio
11:57:57.542 [Test worker] DEBUG org.hibernate.loader.plan.build.internal.FetchStyleLoadPlanBuildingAssociationVisitationStrategy - Building LoadPlan...
11:57:57.542 [Test worker] DEBUG org.hibernate.loader.plan.exec.internal.LoadQueryJoinAndFetchProcessor - processing queryspace <gen:0>
11:57:57.543 [Test worker] DEBUG org.hibernate.loader.plan.build.spi.LoadPlanTreePrinter - LoadPlan(entity=co.com.ceiba.estacionamiento.model.Parqueadero)
    - Returns
       - EntityReturnImpl(entity=co.com.ceiba.estacionamiento.model.Parqueadero, querySpaceUid=<gen:0>, path=co.com.ceiba.estacionamiento.model.Parqueadero)
    - QuerySpaces
       - EntityQuerySpaceImpl(uid=<gen:0>, entity=co.com.ceiba.estacionamiento.model.Parqueadero)
          - SQL table alias mapping - parqueader0_
          - alias suffix - 0_
          - suffixed key columns - {ID1_0_0_}

11:57:57.544 [Test worker] DEBUG org.hibernate.loader.entity.plan.EntityLoader - Static select for entity co.com.ceiba.estacionamiento.model.Parqueadero [UPGRADE]: select parqueader0_.ID as ID1_0_0_, parqueader0_.ESTADO as ESTADO2_0_0_, parqueader0_.FECHA_SALIDA as FECHA_SA3_0_0_, parqueader0_.FECHA_INGRESO as FECHA_IN4_0_0_, parqueader0_.ID_VEHICULO as ID_VEHIC5_0_0_, parqueader0_.PRECIO as PRECIO6_0_0_ from parqueadero parqueader0_ where parqueader0_.ID=? for update
11:57:57.544 [Test worker] DEBUG org.hibernate.loader.plan.build.internal.spaces.QuerySpacesImpl - Adding QuerySpace : uid = <gen:0> -> org.hibernate.loader.plan.build.internal.spaces.EntityQuerySpaceImpl@7f791f5c]
11:57:57.544 [Test worker] DEBUG org.hibernate.persister.walking.spi.MetamodelGraphWalker - Visiting attribute path : estado
11:57:57.544 [Test worker] DEBUG org.hibernate.persister.walking.spi.MetamodelGraphWalker - Visiting attribute path : fechaSalida
11:57:57.545 [Test worker] DEBUG org.hibernate.persister.walking.spi.MetamodelGraphWalker - Visiting attribute path : fehcaIngreso
11:57:57.545 [Test worker] DEBUG org.hibernate.persister.walking.spi.MetamodelGraphWalker - Visiting attribute path : idVehiculo
11:57:57.545 [Test worker] DEBUG org.hibernate.persister.walking.spi.MetamodelGraphWalker - Visiting attribute path : precio
11:57:57.545 [Test worker] DEBUG org.hibernate.loader.plan.build.internal.FetchStyleLoadPlanBuildingAssociationVisitationStrategy - Building LoadPlan...
11:57:57.545 [Test worker] DEBUG org.hibernate.loader.plan.exec.internal.LoadQueryJoinAndFetchProcessor - processing queryspace <gen:0>
11:57:57.545 [Test worker] DEBUG org.hibernate.loader.plan.build.spi.LoadPlanTreePrinter - LoadPlan(entity=co.com.ceiba.estacionamiento.model.Parqueadero)
    - Returns
       - EntityReturnImpl(entity=co.com.ceiba.estacionamiento.model.Parqueadero, querySpaceUid=<gen:0>, path=co.com.ceiba.estacionamiento.model.Parqueadero)
    - QuerySpaces
       - EntityQuerySpaceImpl(uid=<gen:0>, entity=co.com.ceiba.estacionamiento.model.Parqueadero)
          - SQL table alias mapping - parqueader0_
          - alias suffix - 0_
          - suffixed key columns - {ID1_0_0_}

11:57:57.545 [Test worker] DEBUG org.hibernate.loader.entity.plan.EntityLoader - Static select for entity co.com.ceiba.estacionamiento.model.Parqueadero [UPGRADE_NOWAIT]: select parqueader0_.ID as ID1_0_0_, parqueader0_.ESTADO as ESTADO2_0_0_, parqueader0_.FECHA_SALIDA as FECHA_SA3_0_0_, parqueader0_.FECHA_INGRESO as FECHA_IN4_0_0_, parqueader0_.ID_VEHICULO as ID_VEHIC5_0_0_, parqueader0_.PRECIO as PRECIO6_0_0_ from parqueadero parqueader0_ where parqueader0_.ID=? for update
11:57:57.546 [Test worker] DEBUG org.hibernate.loader.plan.build.internal.spaces.QuerySpacesImpl - Adding QuerySpace : uid = <gen:0> -> org.hibernate.loader.plan.build.internal.spaces.EntityQuerySpaceImpl@768e554]
11:57:57.546 [Test worker] DEBUG org.hibernate.persister.walking.spi.MetamodelGraphWalker - Visiting attribute path : estado
11:57:57.546 [Test worker] DEBUG org.hibernate.persister.walking.spi.MetamodelGraphWalker - Visiting attribute path : fechaSalida
11:57:57.546 [Test worker] DEBUG org.hibernate.persister.walking.spi.MetamodelGraphWalker - Visiting attribute path : fehcaIngreso
11:57:57.546 [Test worker] DEBUG org.hibernate.persister.walking.spi.MetamodelGraphWalker - Visiting attribute path : idVehiculo
11:57:57.546 [Test worker] DEBUG org.hibernate.persister.walking.spi.MetamodelGraphWalker - Visiting attribute path : precio
11:57:57.546 [Test worker] DEBUG org.hibernate.loader.plan.build.internal.FetchStyleLoadPlanBuildingAssociationVisitationStrategy - Building LoadPlan...
11:57:57.546 [Test worker] DEBUG org.hibernate.loader.plan.exec.internal.LoadQueryJoinAndFetchProcessor - processing queryspace <gen:0>
11:57:57.546 [Test worker] DEBUG org.hibernate.loader.plan.build.spi.LoadPlanTreePrinter - LoadPlan(entity=co.com.ceiba.estacionamiento.model.Parqueadero)
    - Returns
       - EntityReturnImpl(entity=co.com.ceiba.estacionamiento.model.Parqueadero, querySpaceUid=<gen:0>, path=co.com.ceiba.estacionamiento.model.Parqueadero)
    - QuerySpaces
       - EntityQuerySpaceImpl(uid=<gen:0>, entity=co.com.ceiba.estacionamiento.model.Parqueadero)
          - SQL table alias mapping - parqueader0_
          - alias suffix - 0_
          - suffixed key columns - {ID1_0_0_}

11:57:57.547 [Test worker] DEBUG org.hibernate.loader.entity.plan.EntityLoader - Static select for entity co.com.ceiba.estacionamiento.model.Parqueadero [UPGRADE_SKIPLOCKED]: select parqueader0_.ID as ID1_0_0_, parqueader0_.ESTADO as ESTADO2_0_0_, parqueader0_.FECHA_SALIDA as FECHA_SA3_0_0_, parqueader0_.FECHA_INGRESO as FECHA_IN4_0_0_, parqueader0_.ID_VEHICULO as ID_VEHIC5_0_0_, parqueader0_.PRECIO as PRECIO6_0_0_ from parqueadero parqueader0_ where parqueader0_.ID=? for update
11:57:57.547 [Test worker] DEBUG org.hibernate.loader.plan.build.internal.spaces.QuerySpacesImpl - Adding QuerySpace : uid = <gen:0> -> org.hibernate.loader.plan.build.internal.spaces.EntityQuerySpaceImpl@773762ea]
11:57:57.547 [Test worker] DEBUG org.hibernate.persister.walking.spi.MetamodelGraphWalker - Visiting attribute path : estado
11:57:57.547 [Test worker] DEBUG org.hibernate.persister.walking.spi.MetamodelGraphWalker - Visiting attribute path : fechaSalida
11:57:57.547 [Test worker] DEBUG org.hibernate.persister.walking.spi.MetamodelGraphWalker - Visiting attribute path : fehcaIngreso
11:57:57.547 [Test worker] DEBUG org.hibernate.persister.walking.spi.MetamodelGraphWalker - Visiting attribute path : idVehiculo
11:57:57.547 [Test worker] DEBUG org.hibernate.persister.walking.spi.MetamodelGraphWalker - Visiting attribute path : precio
11:57:57.547 [Test worker] DEBUG org.hibernate.loader.plan.build.internal.FetchStyleLoadPlanBuildingAssociationVisitationStrategy - Building LoadPlan...
11:57:57.547 [Test worker] DEBUG org.hibernate.loader.plan.exec.internal.LoadQueryJoinAndFetchProcessor - processing queryspace <gen:0>
11:57:57.553 [Test worker] DEBUG org.hibernate.loader.plan.build.spi.LoadPlanTreePrinter - LoadPlan(entity=co.com.ceiba.estacionamiento.model.Parqueadero)
    - Returns
       - EntityReturnImpl(entity=co.com.ceiba.estacionamiento.model.Parqueadero, querySpaceUid=<gen:0>, path=co.com.ceiba.estacionamiento.model.Parqueadero)
    - QuerySpaces
       - EntityQuerySpaceImpl(uid=<gen:0>, entity=co.com.ceiba.estacionamiento.model.Parqueadero)
          - SQL table alias mapping - parqueader0_
          - alias suffix - 0_
          - suffixed key columns - {ID1_0_0_}

[...]
11:57:59.201 [Test worker] DEBUG org.hibernate.SQL - select count(parqueader0_.ID) as col_0_0_ from parqueadero parqueader0_ inner join vehiculo vehiculo1_ on (parqueader0_.ID_VEHICULO=vehiculo1_.ID) where parqueader0_.ESTADO<>0 and vehiculo1_.TIPO_VEHICULO='M'
Hibernate: select count(parqueader0_.ID) as col_0_0_ from parqueadero parqueader0_ inner join vehiculo vehiculo1_ on (parqueader0_.ID_VEHICULO=vehiculo1_.ID) where parqueader0_.ESTADO<>0 and vehiculo1_.TIPO_VEHICULO='M'
11:57:59.203 [Test worker] DEBUG org.hibernate.loader.Loader - Result set row: 0
11:57:59.203 [Test worker] DEBUG org.hibernate.loader.Loader - Result row: 
11:57:59.203 [Test worker] DEBUG org.hibernate.resource.jdbc.internal.LogicalConnectionManagedImpl - Initiating JDBC connection release from afterTransaction
11:57:59.205 [Test worker] DEBUG org.hibernate.SQL - select vehiculo0_.ID as ID1_1_, vehiculo0_.CILINDRAJE as CILINDRA2_1_, vehiculo0_.PLACA as PLACA3_1_, vehiculo0_.TIPO_VEHICULO as TIPO_VEH4_1_ from vehiculo vehiculo0_ where vehiculo0_.PLACA=?
Hibernate: select vehiculo0_.ID as ID1_1_, vehiculo0_.CILINDRAJE as CILINDRA2_1_, vehiculo0_.PLACA as PLACA3_1_, vehiculo0_.TIPO_VEHICULO as TIPO_VEH4_1_ from vehiculo vehiculo0_ where vehiculo0_.PLACA=?
11:57:59.207 [Test worker] DEBUG org.hibernate.resource.jdbc.internal.LogicalConnectionManagedImpl - Initiating JDBC connection release from afterTransaction
11:57:59.208 [Test worker] DEBUG org.hibernate.SQL - select next_val as id_val from hibernate_sequence for update
Hibernate: select next_val as id_val from hibernate_sequence for update
11:57:59.210 [Test worker] DEBUG org.hibernate.SQL - update hibernate_sequence set next_val= ? where next_val=?
Hibernate: update hibernate_sequence set next_val= ? where next_val=?
11:57:59.214 [Test worker] DEBUG org.hibernate.event.internal.AbstractSaveEventListener - Generated identifier: 976, using strategy: org.hibernate.id.enhanced.SequenceStyleGenerator
11:57:59.215 [Test worker] DEBUG org.hibernate.hql.internal.ast.QueryTranslatorImpl - parse() - HQL: SELECT  v.placa,v.tipoVehiculo,v.cilindraje, p.fehcaIngreso                                FROM    co.com.ceiba.estacionamiento.model.Parqueadero p join co.com.ceiba.estacionamiento.model.Vehiculo v on p.idVehiculo = v.id                                WHERE   v.tipoVehiculo = 'M' and p.estado <> 0
11:57:59.218 [Test worker] DEBUG org.hibernate.hql.internal.ast.QueryTranslatorImpl - --- HQL AST ---
 \-[QUERY] Node: 'query'
    +-[SELECT_FROM] Node: 'SELECT_FROM'
    |  +-[FROM] Node: 'FROM'
    |  |  +-[RANGE] Node: 'RANGE'
    |  |  |  +-[DOT] Node: '.'
    |  |  |  |  +-[DOT] Node: '.'
    |  |  |  |  |  +-[DOT] Node: '.'
    |  |  |  |  |  |  +-[DOT] Node: '.'
    |  |  |  |  |  |  |  +-[DOT] Node: '.'
    |  |  |  |  |  |  |  |  +-[IDENT] Node: 'co'
    |  |  |  |  |  |  |  |  \-[IDENT] Node: 'com'
    |  |  |  |  |  |  |  \-[IDENT] Node: 'ceiba'
    |  |  |  |  |  |  \-[IDENT] Node: 'estacionamiento'
    |  |  |  |  |  \-[IDENT] Node: 'model'
    |  |  |  |  \-[IDENT] Node: 'Parqueadero'
    |  |  |  \-[ALIAS] Node: 'p'
    |  |  \-[JOIN] Node: 'join'
    |  |     +-[DOT] Node: '.'
    |  |     |  +-[DOT] Node: '.'
    |  |     |  |  +-[DOT] Node: '.'
    |  |     |  |  |  +-[DOT] Node: '.'
    |  |     |  |  |  |  +-[DOT] Node: '.'
    |  |     |  |  |  |  |  +-[IDENT] Node: 'co'
    |  |     |  |  |  |  |  \-[IDENT] Node: 'com'
    |  |     |  |  |  |  \-[IDENT] Node: 'ceiba'
    |  |     |  |  |  \-[IDENT] Node: 'estacionamiento'
    |  |     |  |  \-[IDENT] Node: 'model'
    |  |     |  \-[IDENT] Node: 'Vehiculo'
    |  |     +-[ALIAS] Node: 'v'
    |  |     \-[WITH] Node: 'with'
    |  |        \-[EQ] Node: '='
    |  |           +-[DOT] Node: '.'
    |  |           |  +-[IDENT] Node: 'p'
    |  |           |  \-[IDENT] Node: 'idVehiculo'
    |  |           \-[DOT] Node: '.'
    |  |              +-[IDENT] Node: 'v'
    |  |              \-[IDENT] Node: 'id'
    |  \-[SELECT] Node: 'SELECT'
    |     +-[DOT] Node: '.'
    |     |  +-[IDENT] Node: 'v'
    |     |  \-[IDENT] Node: 'placa'
    |     +-[DOT] Node: '.'
    |     |  +-[IDENT] Node: 'v'
    |     |  \-[IDENT] Node: 'tipoVehiculo'
    |     +-[DOT] Node: '.'
    |     |  +-[IDENT] Node: 'v'
    |     |  \-[IDENT] Node: 'cilindraje'
    |     \-[DOT] Node: '.'
    |        +-[IDENT] Node: 'p'
    |        \-[IDENT] Node: 'fehcaIngreso'
    \-[WHERE] Node: 'WHERE'
       \-[AND] Node: 'and'
          +-[EQ] Node: '='
          |  +-[DOT] Node: '.'
          |  |  +-[IDENT] Node: 'v'
          |  |  \-[IDENT] Node: 'tipoVehiculo'
          |  \-[QUOTED_STRING] Node: ''M''
          \-[NE] Node: '<>'
             +-[DOT] Node: '.'
             |  +-[IDENT] Node: 'p'
             |  \-[IDENT] Node: 'estado'
             \-[NUM_INT] Node: '0'

11:57:59.218 [Test worker] DEBUG org.hibernate.hql.internal.ast.ErrorCounter - throwQueryException() : no errors
11:57:59.218 [Test worker] DEBUG org.hibernate.hql.internal.antlr.HqlSqlBaseWalker - select << begin [level=1, statement=select]
11:57:59.218 [Test worker] DEBUG org.hibernate.hql.internal.ast.tree.FromElement - FromClause{level=1} : co.com.ceiba.estacionamiento.model.Parqueadero (p) -> parqueader0_
11:57:59.221 [Test worker] DEBUG org.hibernate.hql.internal.ast.HqlSqlWalker - Creating entity-join FromElement [v -> co.com.ceiba.estacionamiento.model.Vehiculo]
11:57:59.221 [Test worker] DEBUG org.hibernate.hql.internal.ast.tree.FromElement - FromClause{level=1} : co.com.ceiba.estacionamiento.model.Vehiculo (v) -> vehiculo1_
11:57:59.222 [Test worker] DEBUG org.hibernate.hql.internal.ast.tree.FromReferenceNode - Resolved : p -> parqueader0_.ID
11:57:59.222 [Test worker] DEBUG org.hibernate.hql.internal.ast.tree.DotNode - getDataType() : idVehiculo -> org.hibernate.type.IntegerType@43c178d9
11:57:59.222 [Test worker] DEBUG org.hibernate.hql.internal.ast.tree.FromReferenceNode - Resolved : p.idVehiculo -> parqueader0_.ID_VEHICULO
11:57:59.222 [Test worker] DEBUG org.hibernate.hql.internal.ast.tree.FromReferenceNode - Resolved : v -> vehiculo1_.ID
11:57:59.222 [Test worker] DEBUG org.hibernate.hql.internal.ast.tree.DotNode - getDataType() : id -> org.hibernate.type.IntegerType@43c178d9
11:57:59.222 [Test worker] DEBUG org.hibernate.hql.internal.ast.tree.FromReferenceNode - Resolved : v.id -> vehiculo1_.ID
11:57:59.222 [Test worker] DEBUG org.hibernate.hql.internal.ast.HqlSqlWalker - handleWithFragment() : -- with clause --
 \-[WITH] SqlNode: 'with'
    \-[EQ] BinaryLogicOperatorNode: '='
       +-[DOT] DotNode: 'parqueader0_.ID_VEHICULO' {propertyName=idVehiculo,dereferenceType=PRIMITIVE,getPropertyPath=idVehiculo,path=p.idVehiculo,tableAlias=parqueader0_,className=co.com.ceiba.estacionamiento.model.Parqueadero,classAlias=p}
       |  +-[ALIAS_REF] IdentNode: 'parqueader0_.ID' {alias=p, className=co.com.ceiba.estacionamiento.model.Parqueadero, tableAlias=parqueader0_}
       |  \-[IDENT] IdentNode: 'idVehiculo' {originalText=idVehiculo}
       \-[DOT] DotNode: 'vehiculo1_.ID' {propertyName=id,dereferenceType=PRIMITIVE,getPropertyPath=id,path=v.id,tableAlias=vehiculo1_,className=co.com.ceiba.estacionamiento.model.Vehiculo,classAlias=v}
          +-[ALIAS_REF] IdentNode: 'vehiculo1_.ID' {alias=v, className=co.com.ceiba.estacionamiento.model.Vehiculo, tableAlias=vehiculo1_}
          \-[IDENT] IdentNode: 'id' {originalText=id}

11:57:59.223 [Test worker] DEBUG org.hibernate.hql.internal.ast.tree.FromReferenceNode - Resolved : v -> vehiculo1_.ID
11:57:59.223 [Test worker] DEBUG org.hibernate.hql.internal.ast.tree.DotNode - getDataType() : placa -> org.hibernate.type.StringType@7b3f47e3
11:57:59.223 [Test worker] DEBUG org.hibernate.hql.internal.ast.tree.FromReferenceNode - Resolved : v.placa -> vehiculo1_.PLACA
11:57:59.223 [Test worker] DEBUG org.hibernate.hql.internal.ast.tree.FromReferenceNode - Resolved : v -> vehiculo1_.ID
11:57:59.223 [Test worker] DEBUG org.hibernate.hql.internal.ast.tree.DotNode - getDataType() : tipoVehiculo -> org.hibernate.type.StringType@7b3f47e3
11:57:59.223 [Test worker] DEBUG org.hibernate.hql.internal.ast.tree.FromReferenceNode - Resolved : v.tipoVehiculo -> vehiculo1_.TIPO_VEHICULO
11:57:59.223 [Test worker] DEBUG org.hibernate.hql.internal.ast.tree.FromReferenceNode - Resolved : v -> vehiculo1_.ID
11:57:59.223 [Test worker] DEBUG org.hibernate.hql.internal.ast.tree.DotNode - getDataType() : cilindraje -> org.hibernate.type.IntegerType@43c178d9
11:57:59.223 [Test worker] DEBUG org.hibernate.hql.internal.ast.tree.FromReferenceNode - Resolved : v.cilindraje -> vehiculo1_.CILINDRAJE
11:57:59.223 [Test worker] DEBUG org.hibernate.hql.internal.ast.tree.FromReferenceNode - Resolved : p -> parqueader0_.ID
11:57:59.223 [Test worker] DEBUG org.hibernate.hql.internal.ast.tree.DotNode - getDataType() : fehcaIngreso -> org.hibernate.type.TimestampType@5f308623
11:57:59.224 [Test worker] DEBUG org.hibernate.hql.internal.ast.tree.FromReferenceNode - Resolved : p.fehcaIngreso -> parqueader0_.FECHA_INGRESO
11:57:59.224 [Test worker] DEBUG org.hibernate.hql.internal.ast.tree.FromReferenceNode - Resolved : v -> vehiculo1_.ID
11:57:59.224 [Test worker] DEBUG org.hibernate.hql.internal.ast.tree.DotNode - getDataType() : tipoVehiculo -> org.hibernate.type.StringType@7b3f47e3
11:57:59.224 [Test worker] DEBUG org.hibernate.hql.internal.ast.tree.FromReferenceNode - Resolved : v.tipoVehiculo -> vehiculo1_.TIPO_VEHICULO
11:57:59.224 [Test worker] DEBUG org.hibernate.hql.internal.ast.tree.FromReferenceNode - Resolved : p -> parqueader0_.ID
11:57:59.224 [Test worker] DEBUG org.hibernate.hql.internal.ast.tree.DotNode - getDataType() : estado -> org.hibernate.type.BooleanType@6e9037
11:57:59.224 [Test worker] DEBUG org.hibernate.hql.internal.ast.tree.FromReferenceNode - Resolved : p.estado -> parqueader0_.ESTADO
11:57:59.224 [Test worker] DEBUG org.hibernate.hql.internal.antlr.HqlSqlBaseWalker - select : finishing up [level=1, statement=select]
11:57:59.224 [Test worker] DEBUG org.hibernate.hql.internal.ast.HqlSqlWalker - processQuery() :  ( SELECT ( {select clause} ( vehiculo1_.PLACA vehiculo1_.ID placa ) ( vehiculo1_.TIPO_VEHICULO vehiculo1_.ID tipoVehiculo ) ( vehiculo1_.CILINDRAJE vehiculo1_.ID cilindraje ) ( parqueader0_.FECHA_INGRESO parqueader0_.ID fehcaIngreso ) ) ( FromClause{level=1} parqueadero parqueader0_ vehiculo ) ( WHERE ( and ( = ( vehiculo1_.TIPO_VEHICULO vehiculo1_.ID tipoVehiculo ) 'M' ) ( <> ( parqueader0_.ESTADO parqueader0_.ID estado ) 0 ) ) ) )
11:57:59.224 [Test worker] DEBUG org.hibernate.hql.internal.ast.util.JoinProcessor - Using FROM fragment [parqueadero parqueader0_]
11:57:59.224 [Test worker] DEBUG org.hibernate.hql.internal.ast.util.JoinProcessor - Using FROM fragment [inner join vehiculo vehiculo1_ on (parqueader0_.ID_VEHICULO=vehiculo1_.ID)]
11:57:59.224 [Test worker] DEBUG org.hibernate.hql.internal.antlr.HqlSqlBaseWalker - select >> end [level=1, statement=select]
11:57:59.225 [Test worker] DEBUG org.hibernate.hql.internal.ast.QueryTranslatorImpl - --- SQL AST ---
 \-[SELECT] QueryNode: 'SELECT'  querySpaces (parqueadero,vehiculo)
    +-[SELECT_CLAUSE] SelectClause: '{select clause}'
    |  +-[DOT] DotNode: 'vehiculo1_.PLACA' {propertyName=placa,dereferenceType=PRIMITIVE,getPropertyPath=placa,path=v.placa,tableAlias=vehiculo1_,className=co.com.ceiba.estacionamiento.model.Vehiculo,classAlias=v}
    |  |  +-[ALIAS_REF] IdentNode: 'vehiculo1_.ID' {alias=v, className=co.com.ceiba.estacionamiento.model.Vehiculo, tableAlias=vehiculo1_}
    |  |  \-[IDENT] IdentNode: 'placa' {originalText=placa}
    |  +-[SELECT_COLUMNS] SqlNode: ' as col_0_0_'
    |  +-[DOT] DotNode: 'vehiculo1_.TIPO_VEHICULO' {propertyName=tipoVehiculo,dereferenceType=PRIMITIVE,getPropertyPath=tipoVehiculo,path=v.tipoVehiculo,tableAlias=vehiculo1_,className=co.com.ceiba.estacionamiento.model.Vehiculo,classAlias=v}
    |  |  +-[ALIAS_REF] IdentNode: 'vehiculo1_.ID' {alias=v, className=co.com.ceiba.estacionamiento.model.Vehiculo, tableAlias=vehiculo1_}
    |  |  \-[IDENT] IdentNode: 'tipoVehiculo' {originalText=tipoVehiculo}
    |  +-[SELECT_COLUMNS] SqlNode: ' as col_1_0_'
    |  +-[DOT] DotNode: 'vehiculo1_.CILINDRAJE' {propertyName=cilindraje,dereferenceType=PRIMITIVE,getPropertyPath=cilindraje,path=v.cilindraje,tableAlias=vehiculo1_,className=co.com.ceiba.estacionamiento.model.Vehiculo,classAlias=v}
    |  |  +-[ALIAS_REF] IdentNode: 'vehiculo1_.ID' {alias=v, className=co.com.ceiba.estacionamiento.model.Vehiculo, tableAlias=vehiculo1_}
    |  |  \-[IDENT] IdentNode: 'cilindraje' {originalText=cilindraje}
    |  +-[SELECT_COLUMNS] SqlNode: ' as col_2_0_'
    |  +-[DOT] DotNode: 'parqueader0_.FECHA_INGRESO' {propertyName=fehcaIngreso,dereferenceType=PRIMITIVE,getPropertyPath=fehcaIngreso,path=p.fehcaIngreso,tableAlias=parqueader0_,className=co.com.ceiba.estacionamiento.model.Parqueadero,classAlias=p}
    |  |  +-[ALIAS_REF] IdentNode: 'parqueader0_.ID' {alias=p, className=co.com.ceiba.estacionamiento.model.Parqueadero, tableAlias=parqueader0_}
    |  |  \-[IDENT] IdentNode: 'fehcaIngreso' {originalText=fehcaIngreso}
    |  \-[SELECT_COLUMNS] SqlNode: ' as col_3_0_'
    +-[FROM] FromClause: 'FROM' FromClause{level=1, fromElementCounter=2, fromElements=2, fromElementByClassAlias=[p, v], fromElementByTableAlias=[parqueader0_, vehiculo1_], fromElementsByPath=[], collectionJoinFromElementsByPath=[], impliedElements=[]}
    |  +-[FROM_FRAGMENT] FromElement: 'parqueadero parqueader0_' FromElement{explicit,not a collection join,not a fetch join,fetch non-lazy properties,classAlias=p,role=null,tableName=parqueadero,tableAlias=parqueader0_,origin=null,columns={,className=co.com.ceiba.estacionamiento.model.Parqueadero}}
    |  \-[ENTITY_JOIN] EntityJoinFromElement: 'inner join vehiculo vehiculo1_ on (parqueader0_.ID_VEHICULO=vehiculo1_.ID)' FromElement{explicit,not a collection join,not a fetch join,fetch non-lazy properties,classAlias=v,role=null,tableName=vehiculo,tableAlias=vehiculo1_,origin=null,columns={,className=co.com.ceiba.estacionamiento.model.Vehiculo}}
    \-[WHERE] SqlNode: 'WHERE'
       \-[AND] SqlNode: 'and'
          +-[EQ] BinaryLogicOperatorNode: '='
          |  +-[DOT] DotNode: 'vehiculo1_.TIPO_VEHICULO' {propertyName=tipoVehiculo,dereferenceType=PRIMITIVE,getPropertyPath=tipoVehiculo,path=v.tipoVehiculo,tableAlias=vehiculo1_,className=co.com.ceiba.estacionamiento.model.Vehiculo,classAlias=v}
          |  |  +-[ALIAS_REF] IdentNode: 'vehiculo1_.ID' {alias=v, className=co.com.ceiba.estacionamiento.model.Vehiculo, tableAlias=vehiculo1_}
          |  |  \-[IDENT] IdentNode: 'tipoVehiculo' {originalText=tipoVehiculo}
          |  \-[QUOTED_STRING] LiteralNode: ''M''
          \-[NE] BinaryLogicOperatorNode: '<>'
             +-[DOT] DotNode: 'parqueader0_.ESTADO' {propertyName=estado,dereferenceType=PRIMITIVE,getPropertyPath=estado,path=p.estado,tableAlias=parqueader0_,className=co.com.ceiba.estacionamiento.model.Parqueadero,classAlias=p}
             |  +-[ALIAS_REF] IdentNode: 'parqueader0_.ID' {alias=p, className=co.com.ceiba.estacionamiento.model.Parqueadero, tableAlias=parqueader0_}
             |  \-[IDENT] IdentNode: 'estado' {originalText=estado}
             \-[NUM_INT] LiteralNode: '0'

11:57:59.225 [Test worker] DEBUG org.hibernate.hql.internal.ast.ErrorCounter - throwQueryException() : no errors
11:57:59.225 [Test worker] DEBUG org.hibernate.hql.internal.ast.QueryTranslatorImpl - HQL: SELECT  v.placa,v.tipoVehiculo,v.cilindraje, p.fehcaIngreso                                FROM    co.com.ceiba.estacionamiento.model.Parqueadero p join co.com.ceiba.estacionamiento.model.Vehiculo v on p.idVehiculo = v.id                                WHERE   v.tipoVehiculo = 'M' and p.estado <> 0
11:57:59.225 [Test worker] DEBUG org.hibernate.hql.internal.ast.QueryTranslatorImpl - SQL: select vehiculo1_.PLACA as col_0_0_, vehiculo1_.TIPO_VEHICULO as col_1_0_, vehiculo1_.CILINDRAJE as col_2_0_, parqueader0_.FECHA_INGRESO as col_3_0_ from parqueadero parqueader0_ inner join vehiculo vehiculo1_ on (parqueader0_.ID_VEHICULO=vehiculo1_.ID) where vehiculo1_.TIPO_VEHICULO='M' and parqueader0_.ESTADO<>0
11:57:59.225 [Test worker] DEBUG org.hibernate.hql.internal.ast.ErrorCounter - throwQueryException() : no errors
11:57:59.226 [Test worker] DEBUG org.hibernate.SQL - select vehiculo1_.PLACA as col_0_0_, vehiculo1_.TIPO_VEHICULO as col_1_0_, vehiculo1_.CILINDRAJE as col_2_0_, parqueader0_.FECHA_INGRESO as col_3_0_ from parqueadero parqueader0_ inner join vehiculo vehiculo1_ on (parqueader0_.ID_VEHICULO=vehiculo1_.ID) where vehiculo1_.TIPO_VEHICULO='M' and parqueader0_.ESTADO<>0
Hibernate: select vehiculo1_.PLACA as col_0_0_, vehiculo1_.TIPO_VEHICULO as col_1_0_, vehiculo1_.CILINDRAJE as col_2_0_, parqueader0_.FECHA_INGRESO as col_3_0_ from parqueadero parqueader0_ inner join vehiculo vehiculo1_ on (parqueader0_.ID_VEHICULO=vehiculo1_.ID) where vehiculo1_.TIPO_VEHICULO='M' and parqueader0_.ESTADO<>0
11:57:59.228 [Test worker] DEBUG org.hibernate.loader.Loader - Result set row: 0
11:57:59.228 [Test worker] DEBUG org.hibernate.loader.Loader - Result row: 
11:57:59.228 [Test worker] DEBUG org.hibernate.resource.jdbc.internal.LogicalConnectionManagedImpl - Initiating JDBC connection release from afterTransaction
11:57:59.229 [Test worker] DEBUG org.hibernate.SQL - select next_val as id_val from hibernate_sequence for update
Hibernate: select next_val as id_val from hibernate_sequence for update
11:57:59.232 [Test worker] DEBUG org.hibernate.SQL - update hibernate_sequence set next_val= ? where next_val=?
Hibernate: update hibernate_sequence set next_val= ? where next_val=?
11:57:59.236 [Test worker] DEBUG org.hibernate.event.internal.AbstractSaveEventListener - Generated identifier: 977, using strategy: org.hibernate.id.enhanced.SequenceStyleGenerator
11:57:59.237 [Test worker] DEBUG org.hibernate.SQL - select next_val as id_val from hibernate_sequence for update
Hibernate: select next_val as id_val from hibernate_sequence for update
11:57:59.237 [Test worker] DEBUG org.hibernate.SQL - update hibernate_sequence set next_val= ? where next_val=?
Hibernate: update hibernate_sequence set next_val= ? where next_val=?
11:57:59.241 [Test worker] DEBUG org.hibernate.event.internal.AbstractSaveEventListener - Generated identifier: 978, using strategy: org.hibernate.id.enhanced.SequenceStyleGenerator
11:57:59.241 [Test worker] DEBUG org.hibernate.SQL - select vehiculo0_.ID as ID1_1_, vehiculo0_.CILINDRAJE as CILINDRA2_1_, vehiculo0_.PLACA as PLACA3_1_, vehiculo0_.TIPO_VEHICULO as TIPO_VEH4_1_ from vehiculo vehiculo0_ where vehiculo0_.PLACA=?
Hibernate: select vehiculo0_.ID as ID1_1_, vehiculo0_.CILINDRAJE as CILINDRA2_1_, vehiculo0_.PLACA as PLACA3_1_, vehiculo0_.TIPO_VEHICULO as TIPO_VEH4_1_ from vehiculo vehiculo0_ where vehiculo0_.PLACA=?
11:57:59.242 [Test worker] DEBUG org.hibernate.loader.Loader - Result set row: 0
11:57:59.243 [Test worker] DEBUG org.hibernate.loader.Loader - Result row: EntityKey[co.com.ceiba.estacionamiento.model.Vehiculo#1]
11:57:59.243 [Test worker] DEBUG org.hibernate.resource.jdbc.internal.LogicalConnectionManagedImpl - Initiating JDBC connection release from afterTransaction
]]></system-out>
  <system-err><![CDATA[Thu Sep 13 11:57:55 COT 2018 WARN: Establishing SSL connection without server's identity verification is not recommended. According to MySQL 5.5.45+, 5.6.26+ and 5.7.6+ requirements SSL connection must be established by default if explicit option isn't set. For compliance with existing applications not using SSL the verifyServerCertificate property is set to 'false'. You need either to explicitly disable SSL by setting useSSL=false, or set useSSL=true and provide truststore for server certificate verification.
]]></system-err>
</testsuite>
